2015-02-01 15:40:17 Notice: Notice (8): Undefined index: matricule in [/var/www/aser/app/controllers/ventes_controller.php, line 2329]
2015-02-01 15:40:17 Notice: Notice (8): Undefined index: liasse in [/var/www/aser/app/controllers/ventes_controller.php, line 2330]
2015-02-01 15:40:17 Notice: Notice (8): Undefined index: employeur in [/var/www/aser/app/controllers/ventes_controller.php, line 2331]
2015-02-11 12:39:14 Notice: Notice (8): Undefined variable: current_Qty in [/var/www/aser/app/controllers/entrees_controller.php, line 176]
2015-02-11 14:15:13 Notice: Notice (8): Undefined index: PA in [/var/www/aser/app/views/produits/view.ctp, line 11]
2015-02-11 14:15:13 Notice: Notice (8): Undefined index: PV in [/var/www/aser/app/views/produits/view.ctp, line 11]
2015-02-11 14:15:14 Notice: Notice (8): Undefined index: PA in [/var/www/aser/app/views/produits/view.ctp, line 11]
2015-02-11 14:15:14 Notice: Notice (8): Undefined index: PV in [/var/www/aser/app/views/produits/view.ctp, line 11]
2015-02-13 12:01:51 Notice: Notice (8): Undefined index: detail in [/var/www/aser/app/views/factures/vue_cptable.ctp, line 21]
2015-02-13 12:01:51 Notice: Notice (8): Undefined index: tvaShow in [/var/www/aser/app/views/factures/vue_cptable.ctp, line 37]
2015-02-13 12:01:51 Notice: Notice (8): Undefined index: tvaShow in [/var/www/aser/app/views/factures/vue_cptable.ctp, line 52]
2015-02-13 12:01:51 Notice: Notice (8): Undefined index: montant in [/var/www/aser/app/views/factures/vue_cptable.ctp, line 54]
2015-02-13 12:01:52 Notice: Notice (8): Undefined index: detail in [/var/www/aser/app/views/factures/vue_cptable.ctp, line 21]
2015-02-13 12:01:52 Notice: Notice (8): Undefined index: tvaShow in [/var/www/aser/app/views/factures/vue_cptable.ctp, line 37]
2015-02-13 12:01:52 Notice: Notice (8): Undefined index: tvaShow in [/var/www/aser/app/views/factures/vue_cptable.ctp, line 52]
2015-02-13 12:01:52 Notice: Notice (8): Undefined index: montant in [/var/www/aser/app/views/factures/vue_cptable.ctp, line 54]
2015-02-13 12:02:19 Notice: Notice (8): Undefined index: detail in [/var/www/aser/app/views/factures/vue_cptable.ctp, line 21]
2015-02-13 12:02:19 Notice: Notice (8): Undefined index: tvaShow in [/var/www/aser/app/views/factures/vue_cptable.ctp, line 37]
2015-02-13 12:02:19 Notice: Notice (8): Undefined index: tvaShow in [/var/www/aser/app/views/factures/vue_cptable.ctp, line 52]
2015-02-13 12:02:19 Notice: Notice (8): Undefined index: montant in [/var/www/aser/app/views/factures/vue_cptable.ctp, line 54]
2015-02-13 12:02:20 Notice: Notice (8): Undefined index: detail in [/var/www/aser/app/views/factures/vue_cptable.ctp, line 21]
2015-02-13 12:02:20 Notice: Notice (8): Undefined index: tvaShow in [/var/www/aser/app/views/factures/vue_cptable.ctp, line 37]
2015-02-13 12:02:20 Notice: Notice (8): Undefined index: tvaShow in [/var/www/aser/app/views/factures/vue_cptable.ctp, line 52]
2015-02-13 12:02:20 Notice: Notice (8): Undefined index: montant in [/var/www/aser/app/views/factures/vue_cptable.ctp, line 54]
2015-02-13 12:02:26 Notice: Notice (8): Undefined index: detail in [/var/www/aser/app/views/factures/vue_cptable.ctp, line 21]
2015-02-13 12:02:26 Notice: Notice (8): Undefined index: tvaShow in [/var/www/aser/app/views/factures/vue_cptable.ctp, line 37]
2015-02-13 12:02:26 Notice: Notice (8): Undefined index: tvaShow in [/var/www/aser/app/views/factures/vue_cptable.ctp, line 52]
2015-02-13 12:02:26 Notice: Notice (8): Undefined index: montant in [/var/www/aser/app/views/factures/vue_cptable.ctp, line 54]
2015-02-13 12:02:27 Notice: Notice (8): Undefined index: detail in [/var/www/aser/app/views/factures/vue_cptable.ctp, line 21]
2015-02-13 12:02:27 Notice: Notice (8): Undefined index: tvaShow in [/var/www/aser/app/views/factures/vue_cptable.ctp, line 37]
2015-02-13 12:02:27 Notice: Notice (8): Undefined index: tvaShow in [/var/www/aser/app/views/factures/vue_cptable.ctp, line 52]
2015-02-13 12:02:27 Notice: Notice (8): Undefined index: montant in [/var/www/aser/app/views/factures/vue_cptable.ctp, line 54]
2015-02-13 12:03:20 Notice: Notice (8): Undefined index: detail in [/var/www/aser/app/views/factures/vue_cptable.ctp, line 21]
2015-02-13 12:03:20 Notice: Notice (8): Undefined index: tvaShow in [/var/www/aser/app/views/factures/vue_cptable.ctp, line 37]
2015-02-13 12:03:20 Notice: Notice (8): Undefined index: tvaShow in [/var/www/aser/app/views/factures/vue_cptable.ctp, line 52]
2015-02-13 12:03:20 Notice: Notice (8): Undefined index: montant in [/var/www/aser/app/views/factures/vue_cptable.ctp, line 54]
2015-02-13 12:03:20 Notice: Notice (8): Undefined index: detail in [/var/www/aser/app/views/factures/vue_cptable.ctp, line 21]
2015-02-13 12:03:20 Notice: Notice (8): Undefined index: tvaShow in [/var/www/aser/app/views/factures/vue_cptable.ctp, line 37]
2015-02-13 12:03:21 Notice: Notice (8): Undefined index: tvaShow in [/var/www/aser/app/views/factures/vue_cptable.ctp, line 52]
2015-02-13 12:03:21 Notice: Notice (8): Undefined index: montant in [/var/www/aser/app/views/factures/vue_cptable.ctp, line 54]
2015-02-14 14:16:40 Notice: Notice (8): Undefined index: detail in [/var/www/aser/app/views/factures/vue_cptable.ctp, line 21]
2015-02-14 14:16:40 Notice: Notice (8): Undefined index: tvaShow in [/var/www/aser/app/views/factures/vue_cptable.ctp, line 37]
2015-02-14 14:16:40 Notice: Notice (8): Undefined index: tvaShow in [/var/www/aser/app/views/factures/vue_cptable.ctp, line 52]
2015-02-14 14:16:40 Notice: Notice (8): Undefined index: montant in [/var/www/aser/app/views/factures/vue_cptable.ctp, line 54]
2015-02-14 14:16:41 Notice: Notice (8): Undefined index: detail in [/var/www/aser/app/views/factures/vue_cptable.ctp, line 21]
2015-02-14 14:16:41 Notice: Notice (8): Undefined index: tvaShow in [/var/www/aser/app/views/factures/vue_cptable.ctp, line 37]
2015-02-14 14:16:41 Notice: Notice (8): Undefined index: tvaShow in [/var/www/aser/app/views/factures/vue_cptable.ctp, line 52]
2015-02-14 14:16:41 Notice: Notice (8): Undefined index: montant in [/var/www/aser/app/views/factures/vue_cptable.ctp, line 54]
2015-02-14 14:16:44 Notice: Notice (8): Undefined index: detail in [/var/www/aser/app/views/factures/vue_cptable.ctp, line 21]
2015-02-14 14:16:44 Notice: Notice (8): Undefined index: tvaShow in [/var/www/aser/app/views/factures/vue_cptable.ctp, line 37]
2015-02-14 14:16:44 Notice: Notice (8): Undefined index: tvaShow in [/var/www/aser/app/views/factures/vue_cptable.ctp, line 52]
2015-02-14 14:16:44 Notice: Notice (8): Undefined index: montant in [/var/www/aser/app/views/factures/vue_cptable.ctp, line 54]
2015-02-14 14:16:45 Notice: Notice (8): Undefined index: detail in [/var/www/aser/app/views/factures/vue_cptable.ctp, line 21]
2015-02-14 14:16:45 Notice: Notice (8): Undefined index: tvaShow in [/var/www/aser/app/views/factures/vue_cptable.ctp, line 37]
2015-02-14 14:16:45 Notice: Notice (8): Undefined index: tvaShow in [/var/www/aser/app/views/factures/vue_cptable.ctp, line 52]
2015-02-14 14:16:45 Notice: Notice (8): Undefined index: montant in [/var/www/aser/app/views/factures/vue_cptable.ctp, line 54]
2015-02-14 14:28:30 Notice: Notice (8): Undefined variable: factCond in [/var/www/aser/app/controllers/paiements_controller.php, line 81]
2015-02-14 14:28:30 Notice: Notice (8): Undefined index: OR in [/var/www/aser/app/controllers/paiements_controller.php, line 81]
2015-02-14 15:06:25 Notice: Notice (8): Undefined variable: modePaiements1 in [/var/www/aser/app/views/operations/rapport.ctp, line 142]
2015-02-14 15:06:25 Notice: Notice (8): Array to string conversion in [/var/www/aser/app/views/operations/rapport.ctp, line 142]
2015-02-14 15:06:25 Notice: Notice (8): Undefined variable: modePaiements1 in [/var/www/aser/app/views/operations/rapport.ctp, line 142]
2015-02-14 15:06:25 Notice: Notice (8): Array to string conversion in [/var/www/aser/app/views/operations/rapport.ctp, line 142]
2015-02-14 15:06:52 Notice: Notice (8): Array to string conversion in [/var/www/aser/app/views/operations/rapport.ctp, line 142]
2015-02-14 15:06:53 Notice: Notice (8): Array to string conversion in [/var/www/aser/app/views/operations/rapport.ctp, line 142]
2015-02-14 15:23:54 Notice: Notice (8): Undefined index: mode_paiement in [/var/www/aser/app/controllers/caisses_controller.php, line 52]
2015-02-14 15:23:54 Notice: Notice (8): Undefined index: mode_paiement in [/var/www/aser/app/controllers/caisses_controller.php, line 53]
2015-02-14 15:36:53 Notice: Notice (8): Undefined variable: modePaiement in [/var/www/aser/app/views/caisses/add.ctp, line 11]
2015-02-14 15:36:53 Notice: Notice (8): Undefined variable: modePaiement in [/var/www/aser/app/views/caisses/add.ctp, line 11]
2015-03-04 07:11:43 Notice: Notice (8): Undefined variable: mode_paiements1 in [/var/www/aser/app/views/operations/index.ctp, line 210]
2015-03-04 07:11:43 Notice: Notice (8): Undefined variable: mode_paiements1 in [/var/www/aser/app/views/operations/index.ctp, line 210]
2015-03-04 07:13:08 Notice: Notice (8): Undefined variable: mode_paiements1 in [/var/www/aser/app/views/operations/index.ctp, line 211]
2015-03-04 07:13:08 Notice: Notice (8): Undefined variable: mode_paiements1 in [/var/www/aser/app/views/operations/index.ctp, line 211]
2015-03-04 07:14:20 Notice: Notice (8): Undefined index: Produit in [/var/www/aser/app/controllers/produits_controller.php, line 1142]
2015-03-04 07:14:20 Notice: Notice (8): Undefined index: Produit in [/var/www/aser/app/controllers/produits_controller.php, line 1145]
2015-03-04 07:14:20 Notice: Notice (8): Undefined index: Produit in [/var/www/aser/app/controllers/produits_controller.php, line 1152]
2015-03-04 07:14:20 Notice: Notice (8): Undefined index: Produit in [/var/www/aser/app/controllers/produits_controller.php, line 1155]
2015-03-04 07:14:20 Notice: Notice (8): Undefined index: Produit in [/var/www/aser/app/controllers/produits_controller.php, line 1158]
2015-03-04 07:14:20 Notice: Notice (8): Undefined index: Produit in [/var/www/aser/app/controllers/produits_controller.php, line 1161]
2015-03-04 07:15:29 Notice: Notice (8): Undefined index: Produit in [/var/www/aser/app/controllers/produits_controller.php, line 1142]
2015-03-04 07:15:29 Notice: Notice (8): Undefined index: Produit in [/var/www/aser/app/controllers/produits_controller.php, line 1145]
2015-03-04 07:15:29 Notice: Notice (8): Undefined index: Produit in [/var/www/aser/app/controllers/produits_controller.php, line 1152]
2015-03-04 07:15:29 Notice: Notice (8): Undefined index: Produit in [/var/www/aser/app/controllers/produits_controller.php, line 1155]
2015-03-04 07:15:29 Notice: Notice (8): Undefined index: Produit in [/var/www/aser/app/controllers/produits_controller.php, line 1158]
2015-03-04 07:15:29 Notice: Notice (8): Undefined index: Produit in [/var/www/aser/app/controllers/produits_controller.php, line 1161]
2015-03-11 09:23:43 Notice: Notice (8): Undefined index: detail in [/var/www/aser/app/views/factures/vue_cptable.ctp, line 21]
2015-03-11 09:23:43 Notice: Notice (8): Undefined index: tvaShow in [/var/www/aser/app/views/factures/vue_cptable.ctp, line 37]
2015-03-11 09:23:43 Notice: Notice (8): Undefined index: tvaShow in [/var/www/aser/app/views/factures/vue_cptable.ctp, line 52]
2015-03-11 09:23:43 Notice: Notice (8): Undefined index: montant in [/var/www/aser/app/views/factures/vue_cptable.ctp, line 54]
2015-03-11 09:23:44 Notice: Notice (8): Undefined index: detail in [/var/www/aser/app/views/factures/vue_cptable.ctp, line 21]
2015-03-11 09:23:44 Notice: Notice (8): Undefined index: tvaShow in [/var/www/aser/app/views/factures/vue_cptable.ctp, line 37]
2015-03-11 09:23:44 Notice: Notice (8): Undefined index: tvaShow in [/var/www/aser/app/views/factures/vue_cptable.ctp, line 52]
2015-03-11 09:23:44 Notice: Notice (8): Undefined index: montant in [/var/www/aser/app/views/factures/vue_cptable.ctp, line 54]
2015-03-11 09:28:25 Notice: Notice (8): Undefined index: detail in [/var/www/aser/app/views/factures/vue_cptable.ctp, line 21]
2015-03-11 09:28:25 Notice: Notice (8): Undefined index: tvaShow in [/var/www/aser/app/views/factures/vue_cptable.ctp, line 37]
2015-03-11 09:28:25 Notice: Notice (8): Undefined index: tvaShow in [/var/www/aser/app/views/factures/vue_cptable.ctp, line 52]
2015-03-11 09:28:25 Notice: Notice (8): Undefined index: montant in [/var/www/aser/app/views/factures/vue_cptable.ctp, line 54]
2015-03-11 09:28:26 Notice: Notice (8): Undefined index: detail in [/var/www/aser/app/views/factures/vue_cptable.ctp, line 21]
2015-03-11 09:28:26 Notice: Notice (8): Undefined index: tvaShow in [/var/www/aser/app/views/factures/vue_cptable.ctp, line 37]
2015-03-11 09:28:26 Notice: Notice (8): Undefined index: tvaShow in [/var/www/aser/app/views/factures/vue_cptable.ctp, line 52]
2015-03-11 09:28:26 Notice: Notice (8): Undefined index: montant in [/var/www/aser/app/views/factures/vue_cptable.ctp, line 54]
2015-03-11 09:29:17 Notice: Notice (8): Undefined index: detail in [/var/www/aser/app/views/factures/vue_cptable.ctp, line 21]
2015-03-11 09:29:17 Notice: Notice (8): Undefined index: tvaShow in [/var/www/aser/app/views/factures/vue_cptable.ctp, line 37]
2015-03-11 09:29:17 Notice: Notice (8): Undefined index: tvaShow in [/var/www/aser/app/views/factures/vue_cptable.ctp, line 52]
2015-03-11 09:29:17 Notice: Notice (8): Undefined index: montant in [/var/www/aser/app/views/factures/vue_cptable.ctp, line 54]
2015-03-11 09:29:18 Notice: Notice (8): Undefined index: detail in [/var/www/aser/app/views/factures/vue_cptable.ctp, line 21]
2015-03-11 09:29:18 Notice: Notice (8): Undefined index: tvaShow in [/var/www/aser/app/views/factures/vue_cptable.ctp, line 37]
2015-03-11 09:29:18 Notice: Notice (8): Undefined index: tvaShow in [/var/www/aser/app/views/factures/vue_cptable.ctp, line 52]
2015-03-11 09:29:18 Notice: Notice (8): Undefined index: montant in [/var/www/aser/app/views/factures/vue_cptable.ctp, line 54]
2015-03-11 09:34:34 Notice: Notice (8): Undefined index: detail in [/var/www/aser/app/views/factures/vue_cptable.ctp, line 21]
2015-03-11 09:34:34 Notice: Notice (8): Undefined index: tvaShow in [/var/www/aser/app/views/factures/vue_cptable.ctp, line 37]
2015-03-11 09:34:34 Notice: Notice (8): Undefined index: tvaShow in [/var/www/aser/app/views/factures/vue_cptable.ctp, line 52]
2015-03-11 09:34:34 Notice: Notice (8): Undefined index: montant in [/var/www/aser/app/views/factures/vue_cptable.ctp, line 54]
2015-03-11 09:34:35 Notice: Notice (8): Undefined index: detail in [/var/www/aser/app/views/factures/vue_cptable.ctp, line 21]
2015-03-11 09:34:35 Notice: Notice (8): Undefined index: tvaShow in [/var/www/aser/app/views/factures/vue_cptable.ctp, line 37]
2015-03-11 09:34:35 Notice: Notice (8): Undefined index: tvaShow in [/var/www/aser/app/views/factures/vue_cptable.ctp, line 52]
2015-03-11 09:34:35 Notice: Notice (8): Undefined index: montant in [/var/www/aser/app/views/factures/vue_cptable.ctp, line 54]
2015-03-18 09:45:53 Notice: Notice (8): Undefined variable: operation in [/var/www/aser/app/controllers/factures_controller.php, line 639]
2015-03-18 09:46:00 Notice: Notice (8): Undefined variable: operation in [/var/www/aser/app/controllers/factures_controller.php, line 639]
2015-03-18 09:47:01 Notice: Notice (8): Undefined variable: operation in [/var/www/aser/app/controllers/factures_controller.php, line 639]
2015-03-18 09:48:25 Notice: Notice (8): Undefined variable: operation in [/var/www/aser/app/controllers/factures_controller.php, line 639]
2015-03-18 09:49:08 Notice: Notice (8): Undefined variable: operation in [/var/www/aser/app/controllers/factures_controller.php, line 639]
2015-03-18 09:49:11 Notice: Notice (8): Undefined variable: operation in [/var/www/aser/app/controllers/factures_controller.php, line 639]
2015-03-18 09:50:10 Notice: Notice (8): Undefined variable: operation in [/var/www/aser/app/controllers/factures_controller.php, line 639]
2015-03-18 09:53:14 Notice: Notice (8): Undefined variable: operation in [/var/www/aser/app/controllers/factures_controller.php, line 639]
2015-03-18 09:53:27 Notice: Notice (8): Undefined variable: operation in [/var/www/aser/app/controllers/factures_controller.php, line 639]
2015-03-18 09:54:17 Notice: Notice (8): Undefined variable: operation in [/var/www/aser/app/controllers/factures_controller.php, line 639]
2015-03-18 09:54:27 Notice: Notice (8): Undefined variable: operation in [/var/www/aser/app/controllers/factures_controller.php, line 639]
2015-03-18 09:55:49 Notice: Notice (8): Undefined variable: operation in [/var/www/aser/app/controllers/factures_controller.php, line 639]
2015-03-18 09:55:49 Notice: Notice (8): Array to string conversion in [/var/www/aser/cake/libs/model/datasources/dbo_source.php, line 2216]
2015-03-18 12:52:01 Notice: Notice (8): Undefined index: date in [/var/www/aser/app/controllers/factures_controller.php, line 695]
2015-03-18 12:52:01 Notice: Notice (8): Undefined offset: 2 in [/var/www/aser/app/controllers/factures_controller.php, line 56]
2015-03-18 12:52:01 Notice: Notice (8): Undefined variable: lastCond in [/var/www/aser/app/controllers/factures_controller.php, line 14]
2015-03-18 12:52:55 Notice: Notice (8): Undefined index: date in [/var/www/aser/app/controllers/factures_controller.php, line 695]
2015-03-18 12:52:55 Notice: Notice (8): Undefined offset: 2 in [/var/www/aser/app/controllers/factures_controller.php, line 56]
2015-03-18 12:52:55 Notice: Notice (8): Undefined variable: lastCond in [/var/www/aser/app/controllers/factures_controller.php, line 14]
2015-03-18 12:52:57 Notice: Notice (8): Undefined index: date in [/var/www/aser/app/controllers/factures_controller.php, line 695]
2015-03-18 12:52:57 Notice: Notice (8): Undefined offset: 2 in [/var/www/aser/app/controllers/factures_controller.php, line 56]
2015-03-18 12:52:57 Notice: Notice (8): Undefined variable: lastCond in [/var/www/aser/app/controllers/factures_controller.php, line 14]
2015-03-18 12:59:17 Notice: Notice (8): Undefined variable: lastCond in [/var/www/aser/app/controllers/factures_controller.php, line 14]
2015-03-18 13:31:02 Notice: Notice (8): Undefined index: date in [/var/www/aser/app/controllers/factures_controller.php, line 699]
2015-03-18 13:41:46 Notice: Notice (8): Undefined variable: date in [/var/www/aser/app/controllers/factures_controller.php, line 59]
2015-03-23 12:11:28 Notice: Notice (8): Undefined property: ReservationsController::$Resevation in [/var/www/aser/app/controllers/reservations_controller.php, line 11]
2015-03-26 22:52:35 Notice: Notice (8): Undefined index: detail in [/var/www/aser/app/views/factures/vue_cptable.ctp, line 21]
2015-03-26 22:52:35 Notice: Notice (8): Undefined index: tvaShow in [/var/www/aser/app/views/factures/vue_cptable.ctp, line 37]
2015-03-26 22:52:35 Notice: Notice (8): Undefined index: tvaShow in [/var/www/aser/app/views/factures/vue_cptable.ctp, line 52]
2015-03-26 22:52:35 Notice: Notice (8): Undefined index: montant in [/var/www/aser/app/views/factures/vue_cptable.ctp, line 54]
2015-03-26 22:52:36 Notice: Notice (8): Undefined index: detail in [/var/www/aser/app/views/factures/vue_cptable.ctp, line 21]
2015-03-26 22:52:36 Notice: Notice (8): Undefined index: tvaShow in [/var/www/aser/app/views/factures/vue_cptable.ctp, line 37]
2015-03-26 22:52:36 Notice: Notice (8): Undefined index: tvaShow in [/var/www/aser/app/views/factures/vue_cptable.ctp, line 52]
2015-03-26 22:52:36 Notice: Notice (8): Undefined index: montant in [/var/www/aser/app/views/factures/vue_cptable.ctp, line 54]
2015-04-02 19:41:43 Notice: Notice (8): Undefined variable: value in [/var/www/aser/app/views/factures/excel_view.ctp, line 19]
2015-04-03 08:33:55 Notice: Notice (8): Undefined index: ventes in [/var/www/aser/app/controllers/components/product.php, line 44]
2015-04-03 08:47:32 Notice: Notice (8): Undefined index: services in [/var/www/aser/app/controllers/components/product.php, line 51]
2015-04-03 08:53:10 Notice: Notice (8): Undefined index: services in [/var/www/aser/app/controllers/components/product.php, line 51]
2015-04-03 08:54:33 Notice: Notice (8): Undefined index: Service in [/var/www/aser/app/controllers/components/product.php, line 54]
2015-04-03 08:54:33 Notice: Notice (8): Undefined index: Service in [/var/www/aser/app/controllers/components/product.php, line 55]
2015-04-03 09:41:29 Notice: Notice (8): Undefined index: LocationExtra in [/var/www/aser/app/controllers/components/product.php, line 29]
2015-04-03 09:41:29 Notice: Notice (8): Undefined index: LocationExtra in [/var/www/aser/app/controllers/components/product.php, line 34]
2015-04-03 09:41:29 Notice: Notice (8): Undefined index: LocationExtra in [/var/www/aser/app/controllers/components/product.php, line 37]
2015-04-03 09:41:29 Notice: Notice (8): Undefined index: LocationExtra in [/var/www/aser/app/controllers/components/product.php, line 38]
2015-04-03 09:41:29 Notice: Notice (8): Undefined index: LocationExtra in [/var/www/aser/app/controllers/components/product.php, line 39]
2015-04-03 18:50:19 Notice: Notice (8): Undefined index: detail in [/var/www/aser/app/views/factures/vue_cptable.ctp, line 21]
2015-04-03 18:50:19 Notice: Notice (8): Undefined index: tvaShow in [/var/www/aser/app/views/factures/vue_cptable.ctp, line 37]
2015-04-03 18:50:19 Notice: Notice (8): Undefined index: tvaShow in [/var/www/aser/app/views/factures/vue_cptable.ctp, line 52]
2015-04-03 18:50:19 Notice: Notice (8): Undefined index: montant in [/var/www/aser/app/views/factures/vue_cptable.ctp, line 54]
2015-04-03 18:50:20 Notice: Notice (8): Undefined index: detail in [/var/www/aser/app/views/factures/vue_cptable.ctp, line 21]
2015-04-03 18:50:20 Notice: Notice (8): Undefined index: tvaShow in [/var/www/aser/app/views/factures/vue_cptable.ctp, line 37]
2015-04-03 18:50:20 Notice: Notice (8): Undefined index: tvaShow in [/var/www/aser/app/views/factures/vue_cptable.ctp, line 52]
2015-04-03 18:50:20 Notice: Notice (8): Undefined index: montant in [/var/www/aser/app/views/factures/vue_cptable.ctp, line 54]
2015-04-03 19:00:23 Notice: Notice (8): Undefined index: detail in [/var/www/aser/app/views/factures/vue_cptable.ctp, line 21]
2015-04-03 19:00:23 Notice: Notice (8): Undefined index: tvaShow in [/var/www/aser/app/views/factures/vue_cptable.ctp, line 37]
2015-04-03 19:00:23 Notice: Notice (8): Undefined index: tvaShow in [/var/www/aser/app/views/factures/vue_cptable.ctp, line 52]
2015-04-03 19:00:23 Notice: Notice (8): Undefined index: montant in [/var/www/aser/app/views/factures/vue_cptable.ctp, line 54]
2015-04-03 19:00:23 Notice: Notice (8): Undefined index: detail in [/var/www/aser/app/views/factures/vue_cptable.ctp, line 21]
2015-04-03 19:00:23 Notice: Notice (8): Undefined index: tvaShow in [/var/www/aser/app/views/factures/vue_cptable.ctp, line 37]
2015-04-03 19:00:23 Notice: Notice (8): Undefined index: tvaShow in [/var/www/aser/app/views/factures/vue_cptable.ctp, line 52]
2015-04-03 19:00:23 Notice: Notice (8): Undefined index: montant in [/var/www/aser/app/views/factures/vue_cptable.ctp, line 54]
2015-04-03 19:11:35 Notice: Notice (8): Undefined index: detail in [/var/www/aser/app/views/factures/vue_cptable.ctp, line 21]
2015-04-03 19:11:35 Notice: Notice (8): Undefined index: tvaShow in [/var/www/aser/app/views/factures/vue_cptable.ctp, line 37]
2015-04-03 19:11:35 Notice: Notice (8): Undefined index: tvaShow in [/var/www/aser/app/views/factures/vue_cptable.ctp, line 52]
2015-04-03 19:11:35 Notice: Notice (8): Undefined index: montant in [/var/www/aser/app/views/factures/vue_cptable.ctp, line 54]
2015-04-03 19:11:36 Notice: Notice (8): Undefined index: detail in [/var/www/aser/app/views/factures/vue_cptable.ctp, line 21]
2015-04-03 19:11:36 Notice: Notice (8): Undefined index: tvaShow in [/var/www/aser/app/views/factures/vue_cptable.ctp, line 37]
2015-04-03 19:11:36 Notice: Notice (8): Undefined index: tvaShow in [/var/www/aser/app/views/factures/vue_cptable.ctp, line 52]
2015-04-03 19:11:36 Notice: Notice (8): Undefined index: montant in [/var/www/aser/app/views/factures/vue_cptable.ctp, line 54]
2015-04-03 19:12:22 Notice: Notice (8): Undefined index: Facture in [/var/www/aser/app/controllers/components/product.php, line 44]
2015-04-03 19:14:02 Notice: Notice (8): Undefined index: Facture in [/var/www/aser/app/controllers/components/product.php, line 44]
2015-04-03 19:15:47 Notice: Notice (8): Undefined index: Facture in [/var/www/aser/app/controllers/components/product.php, line 44]
2015-04-03 20:35:06 Notice: Notice (8): Undefined index: Facture in [/var/www/aser/app/controllers/components/product.php, line 44]
2015-04-03 21:20:07 Notice: Notice (8): Undefined index: detail in [/var/www/aser/app/views/factures/vue_cptable.ctp, line 21]
2015-04-03 21:20:07 Notice: Notice (8): Undefined index: tvaShow in [/var/www/aser/app/views/factures/vue_cptable.ctp, line 37]
2015-04-03 21:20:07 Notice: Notice (8): Undefined index: tvaShow in [/var/www/aser/app/views/factures/vue_cptable.ctp, line 52]
2015-04-03 21:20:07 Notice: Notice (8): Undefined index: montant in [/var/www/aser/app/views/factures/vue_cptable.ctp, line 54]
2015-04-03 21:20:08 Notice: Notice (8): Undefined index: detail in [/var/www/aser/app/views/factures/vue_cptable.ctp, line 21]
2015-04-03 21:20:08 Notice: Notice (8): Undefined index: tvaShow in [/var/www/aser/app/views/factures/vue_cptable.ctp, line 37]
2015-04-03 21:20:08 Notice: Notice (8): Undefined index: tvaShow in [/var/www/aser/app/views/factures/vue_cptable.ctp, line 52]
2015-04-03 21:20:08 Notice: Notice (8): Undefined index: montant in [/var/www/aser/app/views/factures/vue_cptable.ctp, line 54]
2015-04-07 13:26:38 Notice: Notice (8): Undefined index: LocationExtra in [/var/www/aser/app/controllers/components/product.php, line 81]
2015-04-07 13:26:38 Notice: Notice (8): Undefined index: LocationExtra in [/var/www/aser/app/controllers/components/product.php, line 86]
2015-04-07 13:26:38 Notice: Notice (8): Undefined index: LocationExtra in [/var/www/aser/app/controllers/components/product.php, line 89]
2015-04-07 13:26:38 Notice: Notice (8): Undefined index: LocationExtra in [/var/www/aser/app/controllers/components/product.php, line 90]
2015-04-07 13:26:38 Notice: Notice (8): Undefined index: LocationExtra in [/var/www/aser/app/controllers/components/product.php, line 91]
2015-04-08 13:15:04 Notice: Notice (8): Undefined index: salle in [/var/www/aser/app/controllers/components/product.php, line 86]
2015-04-10 11:10:23 Notice: Notice (8): Undefined variable: font in [/var/www/aser/app/controllers/components/product.php, line 85]
2015-04-10 11:11:54 Notice: Notice (8): Undefined variable: font in [/var/www/aser/app/controllers/components/product.php, line 85]
2015-04-10 11:12:37 Notice: Notice (8): Undefined variable: font in [/var/www/aser/app/controllers/components/product.php, line 85]
2015-04-10 11:27:34 Notice: Notice (8): Undefined index: signature in [/var/www/aser/app/controllers/components/product.php, line 139]
2015-04-10 11:28:01 Notice: Notice (8): Undefined index: signature in [/var/www/aser/app/controllers/components/product.php, line 139]
2015-04-10 11:28:05 Notice: Notice (8): Undefined index: signature in [/var/www/aser/app/controllers/components/product.php, line 139]
2015-04-10 11:31:19 Notice: Notice (8): Undefined index: detail in [/var/www/aser/app/views/factures/vue_cptable.ctp, line 21]
2015-04-10 11:31:19 Notice: Notice (8): Undefined index: tvaShow in [/var/www/aser/app/views/factures/vue_cptable.ctp, line 37]
2015-04-10 11:31:19 Notice: Notice (8): Undefined index: tvaShow in [/var/www/aser/app/views/factures/vue_cptable.ctp, line 52]
2015-04-10 11:31:19 Notice: Notice (8): Undefined index: montant in [/var/www/aser/app/views/factures/vue_cptable.ctp, line 54]
2015-04-10 11:31:20 Notice: Notice (8): Undefined index: detail in [/var/www/aser/app/views/factures/vue_cptable.ctp, line 21]
2015-04-10 11:31:20 Notice: Notice (8): Undefined index: tvaShow in [/var/www/aser/app/views/factures/vue_cptable.ctp, line 37]
2015-04-10 11:31:20 Notice: Notice (8): Undefined index: tvaShow in [/var/www/aser/app/views/factures/vue_cptable.ctp, line 52]
2015-04-10 11:31:20 Notice: Notice (8): Undefined index: montant in [/var/www/aser/app/views/factures/vue_cptable.ctp, line 54]
2015-04-10 11:36:02 Notice: Notice (8): Undefined index: detail in [/var/www/aser/app/views/factures/vue_cptable.ctp, line 21]
2015-04-10 11:36:02 Notice: Notice (8): Undefined index: tvaShow in [/var/www/aser/app/views/factures/vue_cptable.ctp, line 37]
2015-04-10 11:36:02 Notice: Notice (8): Undefined index: tvaShow in [/var/www/aser/app/views/factures/vue_cptable.ctp, line 52]
2015-04-10 11:36:02 Notice: Notice (8): Undefined index: montant in [/var/www/aser/app/views/factures/vue_cptable.ctp, line 54]
2015-04-10 11:36:03 Notice: Notice (8): Undefined index: detail in [/var/www/aser/app/views/factures/vue_cptable.ctp, line 21]
2015-04-10 11:36:03 Notice: Notice (8): Undefined index: tvaShow in [/var/www/aser/app/views/factures/vue_cptable.ctp, line 37]
2015-04-10 11:36:03 Notice: Notice (8): Undefined index: tvaShow in [/var/www/aser/app/views/factures/vue_cptable.ctp, line 52]
2015-04-10 11:36:03 Notice: Notice (8): Undefined index: montant in [/var/www/aser/app/views/factures/vue_cptable.ctp, line 54]
2015-04-10 11:36:08 Notice: Notice (8): Undefined index: detail in [/var/www/aser/app/views/factures/vue_cptable.ctp, line 21]
2015-04-10 11:36:08 Notice: Notice (8): Undefined index: tvaShow in [/var/www/aser/app/views/factures/vue_cptable.ctp, line 37]
2015-04-10 11:36:08 Notice: Notice (8): Undefined index: tvaShow in [/var/www/aser/app/views/factures/vue_cptable.ctp, line 52]
2015-04-10 11:36:08 Notice: Notice (8): Undefined index: montant in [/var/www/aser/app/views/factures/vue_cptable.ctp, line 54]
2015-04-10 11:36:08 Notice: Notice (8): Undefined index: detail in [/var/www/aser/app/views/factures/vue_cptable.ctp, line 21]
2015-04-10 11:36:08 Notice: Notice (8): Undefined index: tvaShow in [/var/www/aser/app/views/factures/vue_cptable.ctp, line 37]
2015-04-10 11:36:08 Notice: Notice (8): Undefined index: tvaShow in [/var/www/aser/app/views/factures/vue_cptable.ctp, line 52]
2015-04-10 11:36:08 Notice: Notice (8): Undefined index: montant in [/var/www/aser/app/views/factures/vue_cptable.ctp, line 54]
2015-04-10 11:36:19 Notice: Notice (8): Undefined index: detail in [/var/www/aser/app/views/factures/vue_cptable.ctp, line 21]
2015-04-10 11:36:19 Notice: Notice (8): Undefined index: tvaShow in [/var/www/aser/app/views/factures/vue_cptable.ctp, line 37]
2015-04-10 11:36:19 Notice: Notice (8): Undefined index: tvaShow in [/var/www/aser/app/views/factures/vue_cptable.ctp, line 52]
2015-04-10 11:36:19 Notice: Notice (8): Undefined index: montant in [/var/www/aser/app/views/factures/vue_cptable.ctp, line 54]
2015-04-10 11:36:20 Notice: Notice (8): Undefined index: detail in [/var/www/aser/app/views/factures/vue_cptable.ctp, line 21]
2015-04-10 11:36:20 Notice: Notice (8): Undefined index: tvaShow in [/var/www/aser/app/views/factures/vue_cptable.ctp, line 37]
2015-04-10 11:36:20 Notice: Notice (8): Undefined index: tvaShow in [/var/www/aser/app/views/factures/vue_cptable.ctp, line 52]
2015-04-10 11:36:20 Notice: Notice (8): Undefined index: montant in [/var/www/aser/app/views/factures/vue_cptable.ctp, line 54]
2015-04-13 10:34:04 Notice: Notice (8): Undefined index: detail in [/var/www/aser/app/views/factures/vue_cptable.ctp, line 21]
2015-04-13 10:34:04 Notice: Notice (8): Undefined index: tvaShow in [/var/www/aser/app/views/factures/vue_cptable.ctp, line 37]
2015-04-13 10:34:04 Notice: Notice (8): Undefined index: tvaShow in [/var/www/aser/app/views/factures/vue_cptable.ctp, line 52]
2015-04-13 10:34:04 Notice: Notice (8): Undefined index: montant in [/var/www/aser/app/views/factures/vue_cptable.ctp, line 54]
2015-04-13 10:34:05 Notice: Notice (8): Undefined index: detail in [/var/www/aser/app/views/factures/vue_cptable.ctp, line 21]
2015-04-13 10:34:05 Notice: Notice (8): Undefined index: tvaShow in [/var/www/aser/app/views/factures/vue_cptable.ctp, line 37]
2015-04-13 10:34:05 Notice: Notice (8): Undefined index: tvaShow in [/var/www/aser/app/views/factures/vue_cptable.ctp, line 52]
2015-04-13 10:34:05 Notice: Notice (8): Undefined index: montant in [/var/www/aser/app/views/factures/vue_cptable.ctp, line 54]
2015-04-13 10:34:35 Notice: Notice (8): Undefined index: detail in [/var/www/aser/app/views/factures/vue_cptable.ctp, line 21]
2015-04-13 10:34:35 Notice: Notice (8): Undefined index: tvaShow in [/var/www/aser/app/views/factures/vue_cptable.ctp, line 37]
2015-04-13 10:34:35 Notice: Notice (8): Undefined index: tvaShow in [/var/www/aser/app/views/factures/vue_cptable.ctp, line 52]
2015-04-13 10:34:35 Notice: Notice (8): Undefined index: montant in [/var/www/aser/app/views/factures/vue_cptable.ctp, line 54]
2015-04-13 10:34:36 Notice: Notice (8): Undefined index: detail in [/var/www/aser/app/views/factures/vue_cptable.ctp, line 21]
2015-04-13 10:34:36 Notice: Notice (8): Undefined index: tvaShow in [/var/www/aser/app/views/factures/vue_cptable.ctp, line 37]
2015-04-13 10:34:36 Notice: Notice (8): Undefined index: tvaShow in [/var/www/aser/app/views/factures/vue_cptable.ctp, line 52]
2015-04-13 10:34:36 Notice: Notice (8): Undefined index: montant in [/var/www/aser/app/views/factures/vue_cptable.ctp, line 54]
2015-04-13 10:43:29 Notice: Notice (8): Undefined index: detail in [/var/www/aser/app/views/factures/vue_cptable.ctp, line 21]
2015-04-13 10:43:29 Notice: Notice (8): Undefined index: tvaShow in [/var/www/aser/app/views/factures/vue_cptable.ctp, line 37]
2015-04-13 10:43:29 Notice: Notice (8): Undefined index: tvaShow in [/var/www/aser/app/views/factures/vue_cptable.ctp, line 52]
2015-04-13 10:43:29 Notice: Notice (8): Undefined index: montant in [/var/www/aser/app/views/factures/vue_cptable.ctp, line 54]
2015-04-13 10:43:30 Notice: Notice (8): Undefined index: detail in [/var/www/aser/app/views/factures/vue_cptable.ctp, line 21]
2015-04-13 10:43:30 Notice: Notice (8): Undefined index: tvaShow in [/var/www/aser/app/views/factures/vue_cptable.ctp, line 37]
2015-04-13 10:43:30 Notice: Notice (8): Undefined index: tvaShow in [/var/www/aser/app/views/factures/vue_cptable.ctp, line 52]
2015-04-13 10:43:30 Notice: Notice (8): Undefined index: montant in [/var/www/aser/app/views/factures/vue_cptable.ctp, line 54]
2015-04-13 10:44:13 Notice: Notice (8): Undefined index: detail in [/var/www/aser/app/views/factures/vue_cptable.ctp, line 21]
2015-04-13 10:44:13 Notice: Notice (8): Undefined index: tvaShow in [/var/www/aser/app/views/factures/vue_cptable.ctp, line 37]
2015-04-13 10:44:13 Notice: Notice (8): Undefined index: tvaShow in [/var/www/aser/app/views/factures/vue_cptable.ctp, line 52]
2015-04-13 10:44:13 Notice: Notice (8): Undefined index: montant in [/var/www/aser/app/views/factures/vue_cptable.ctp, line 54]
2015-04-13 10:44:14 Notice: Notice (8): Undefined index: detail in [/var/www/aser/app/views/factures/vue_cptable.ctp, line 21]
2015-04-13 10:44:14 Notice: Notice (8): Undefined index: tvaShow in [/var/www/aser/app/views/factures/vue_cptable.ctp, line 37]
2015-04-13 10:44:14 Notice: Notice (8): Undefined index: tvaShow in [/var/www/aser/app/views/factures/vue_cptable.ctp, line 52]
2015-04-13 10:44:14 Notice: Notice (8): Undefined index: montant in [/var/www/aser/app/views/factures/vue_cptable.ctp, line 54]
2015-04-13 12:11:35 Notice: Notice (8): Undefined variable: fature in [/var/www/aser/app/controllers/factures_controller.php, line 1467]
2015-04-13 12:11:35 Notice: Notice (8): Undefined variable: fature in [/var/www/aser/app/controllers/factures_controller.php, line 1467]
2015-04-14 16:39:17 Notice: Notice (8): Undefined index: dates in [/var/www/aser/app/controllers/factures_controller.php, line 700]
2015-04-20 13:36:34 Notice: Notice (8): Undefined variable: pos in [/var/www/aser/app/controllers/ventes_controller.php, line 2436]
2015-04-20 13:42:22 Notice: Notice (8): Undefined variable: journalId in [/var/www/aser/app/controllers/ventes_controller.php, line 2573]
2015-04-20 13:43:27 Notice: Notice (8): Undefined index: id in [/var/www/aser/app/controllers/ventes_controller.php, line 2573]
2015-04-20 13:51:09 Notice: Notice (8): Undefined index: tva in [/var/www/aser/app/controllers/ventes_controller.php, line 1957]
2015-04-20 13:51:09 Notice: Notice (8): Undefined index: montant in [/var/www/aser/app/controllers/ventes_controller.php, line 1944]
2015-04-20 13:55:17 Notice: Notice (8): Undefined index: montant in [/var/www/aser/app/controllers/ventes_controller.php, line 1944]
2015-04-20 13:58:59 Notice: Notice (8): Undefined index: original in [/var/www/aser/app/models/facture.php, line 194]
2015-04-20 13:58:59 Notice: Notice (8): Undefined index: reduction in [/var/www/aser/app/models/facture.php, line 194]
2015-04-20 14:01:30 Notice: Notice (8): Undefined index: montant in [/var/www/aser/app/controllers/ventes_controller.php, line 1944]
2015-04-20 14:08:47 Notice: Notice (8): Undefined variable: factureInfo in [/var/www/aser/app/controllers/ventes_controller.php, line 1939]
2015-04-20 14:09:26 Notice: Notice (8): Undefined index: montant in [/var/www/aser/app/controllers/ventes_controller.php, line 1939]
2015-04-20 14:18:51 Notice: Notice (8): Undefined index: Paiement in [/var/www/aser/app/controllers/ventes_controller.php, line 1910]
2015-04-20 14:24:55 Notice: Notice (8): Undefined index: etat in [/var/www/aser/app/controllers/ventes_controller.php, line 1973]
2015-04-20 19:13:14 Notice: Notice (8): Undefined variable: journalInfo in [/var/www/aser/app/views/factures/view.ctp, line 23]
2015-04-20 19:13:14 Notice: Notice (8): Undefined variable: journalInfo in [/var/www/aser/app/views/factures/view.ctp, line 24]
2015-04-20 19:13:14 Notice: Notice (8): Undefined index: detail in [/var/www/aser/app/views/factures/vue_cptable.ctp, line 21]
2015-04-20 19:13:14 Notice: Notice (8): Undefined index: tvaShow in [/var/www/aser/app/views/factures/vue_cptable.ctp, line 37]
2015-04-20 19:13:14 Notice: Notice (8): Undefined index: tvaShow in [/var/www/aser/app/views/factures/vue_cptable.ctp, line 52]
2015-04-20 19:13:14 Notice: Notice (8): Undefined index: montant in [/var/www/aser/app/views/factures/vue_cptable.ctp, line 54]
2015-04-20 19:13:17 Notice: Notice (8): Undefined variable: journalInfo in [/var/www/aser/app/views/factures/view.ctp, line 23]
2015-04-20 19:13:17 Notice: Notice (8): Undefined variable: journalInfo in [/var/www/aser/app/views/factures/view.ctp, line 24]
2015-04-20 19:13:17 Notice: Notice (8): Undefined index: detail in [/var/www/aser/app/views/factures/vue_cptable.ctp, line 21]
2015-04-20 19:13:17 Notice: Notice (8): Undefined index: tvaShow in [/var/www/aser/app/views/factures/vue_cptable.ctp, line 37]
2015-04-20 19:13:17 Notice: Notice (8): Undefined index: tvaShow in [/var/www/aser/app/views/factures/vue_cptable.ctp, line 52]
2015-04-20 19:13:17 Notice: Notice (8): Undefined index: montant in [/var/www/aser/app/views/factures/vue_cptable.ctp, line 54]
2015-04-20 19:16:07 Notice: Notice (8): Undefined index: detail in [/var/www/aser/app/views/factures/vue_cptable.ctp, line 21]
2015-04-20 19:16:07 Notice: Notice (8): Undefined index: tvaShow in [/var/www/aser/app/views/factures/vue_cptable.ctp, line 37]
2015-04-20 19:16:07 Notice: Notice (8): Undefined index: tvaShow in [/var/www/aser/app/views/factures/vue_cptable.ctp, line 52]
2015-04-20 19:16:07 Notice: Notice (8): Undefined index: montant in [/var/www/aser/app/views/factures/vue_cptable.ctp, line 54]
2015-04-20 19:16:10 Notice: Notice (8): Undefined index: detail in [/var/www/aser/app/views/factures/vue_cptable.ctp, line 21]
2015-04-20 19:16:10 Notice: Notice (8): Undefined index: tvaShow in [/var/www/aser/app/views/factures/vue_cptable.ctp, line 37]
2015-04-20 19:16:10 Notice: Notice (8): Undefined index: tvaShow in [/var/www/aser/app/views/factures/vue_cptable.ctp, line 52]
2015-04-20 19:16:10 Notice: Notice (8): Undefined index: montant in [/var/www/aser/app/views/factures/vue_cptable.ctp, line 54]
2015-04-20 19:16:20 Notice: Notice (8): Undefined index: detail in [/var/www/aser/app/views/factures/vue_cptable.ctp, line 21]
2015-04-20 19:16:20 Notice: Notice (8): Undefined index: tvaShow in [/var/www/aser/app/views/factures/vue_cptable.ctp, line 37]
2015-04-20 19:16:20 Notice: Notice (8): Undefined index: tvaShow in [/var/www/aser/app/views/factures/vue_cptable.ctp, line 52]
2015-04-20 19:16:20 Notice: Notice (8): Undefined index: montant in [/var/www/aser/app/views/factures/vue_cptable.ctp, line 54]
2015-04-20 19:16:23 Notice: Notice (8): Undefined index: detail in [/var/www/aser/app/views/factures/vue_cptable.ctp, line 21]
2015-04-20 19:16:23 Notice: Notice (8): Undefined index: tvaShow in [/var/www/aser/app/views/factures/vue_cptable.ctp, line 37]
2015-04-20 19:16:23 Notice: Notice (8): Undefined index: tvaShow in [/var/www/aser/app/views/factures/vue_cptable.ctp, line 52]
2015-04-20 19:16:23 Notice: Notice (8): Undefined index: montant in [/var/www/aser/app/views/factures/vue_cptable.ctp, line 54]
2015-04-21 11:00:35 Notice: Notice (8): Undefined variable:  in [/var/www/aser/app/models/paiement.php, line 102]
2015-04-21 11:07:25 Notice: Notice (8): Undefined variable: id in [/var/www/aser/app/models/facture.php, line 153]
2015-04-21 11:21:46 Notice: Notice (8): Undefined variable: data in [/var/www/aser/app/controllers/ventes_controller.php, line 2015]
2015-04-21 11:59:44 Notice: Notice (8): Undefined variable: id in [/var/www/aser/app/models/facture.php, line 153]
2015-04-21 12:25:01 Notice: Notice (8): Undefined index: Facture in [/var/www/aser/app/controllers/ventes_controller.php, line 482]
2015-04-23 17:36:22 Notice: Notice (8): Undefined variable: vente in [/var/www/aser/app/controllers/components/product.php, line 2577]
2015-04-23 17:36:24 Notice: Notice (8): Undefined variable: vente in [/var/www/aser/app/controllers/components/product.php, line 2577]
2015-04-23 20:06:21 Notice: Notice (8): Undefined variable: newfacture in [/var/www/aser/app/controllers/ventes_controller.php, line 649]
2015-04-28 06:29:59 Notice: Notice (8): Undefined variable: other_people_pyts in [/var/www/aser/app/views/ventes/journal.ctp, line 111]
2015-04-28 06:30:00 Notice: Notice (8): Undefined variable: other_people_pyts in [/var/www/aser/app/views/ventes/journal.ctp, line 111]
2015-04-28 06:41:07 Notice: Notice (8): Undefined index: personnel_id in [/var/www/aser/app/controllers/ventes_controller.php, line 810]
2015-04-28 06:55:39 Notice: Notice (8): Undefined index: numero in [/var/www/aser/app/views/paiements/add.ctp, line 11]
2015-04-28 06:55:39 Notice: Notice (8): Undefined index: id in [/var/www/aser/app/views/paiements/add.ctp, line 11]
2015-04-28 06:55:39 Notice: Notice (8): Undefined index: monnaie in [/var/www/aser/app/views/paiements/add.ctp, line 24]
2015-04-28 06:55:39 Notice: Notice (8): Undefined index: Personnel in [/var/www/aser/app/views/paiements/add.ctp, line 28]
2015-04-28 06:56:35 Notice: Notice (8): Undefined index: Personnel in [/var/www/aser/app/views/paiements/add.ctp, line 28]
