2013-03-07 16:23:56 Produit: Array
(
    [Action] => CREATION
    [Stock] => Array
        (
            [name] => piscine
        )

    [Section] => Array
        (
            [name] => BAR
        )

    [Groupe] => Array
        (
            [name] => CAKES
        )

    [Produit] => Array
        (
            [id] => 266
            [name] => HAM
            [PV] => 1000
            [relations] => simple
            [actif] => oui
        )

    [Personnel] => Array
        (
            [name] => armand
        )

)

2013-03-07 16:31:13 Produit: Array
(
    [Action] => MODIFICATION
    [Stock] => Array
        (
            [name] => piscine
        )

    [Section] => Array
        (
            [name] => BAR
        )

    [Groupe] => Array
        (
            [name] => A COFFEES
        )

    [Produit] => Array
        (
            [id] => 221
            [name] => SODA LIHT
            [PV] => 2000
            [relations] => simple
            [actif] => oui
        )

    [Personnel] => Array
        (
            [name] => armand
        )

)

2013-03-07 16:32:52 Produit: Array
(
    [Action] => MODIFICATION
    [Stock] => Array
        (
            [name] => piscine
        )

    [Section] => Array
        (
            [name] => CUISINE
        )

    [Groupe] => Array
        (
            [name] => A COFFEES
        )

    [Produit] => Array
        (
            [id] => 264
            [name] => JEANIO
            [PV] => 6000
            [relations] => figuratif
            [actif] => oui
        )

    [Personnel] => Array
        (
            [name] => armand
        )

)

2013-03-07 16:32:52 Produit: Array
(
    [Action] => MODIFICATION
    [Stock] => Array
        (
            [name] => piscine
        )

    [Section] => Array
        (
            [name] => CUISINE
        )

    [Groupe] => Array
        (
            [name] => A COFFEES
        )

    [Produit] => Array
        (
            [id] => 263
            [name] => JEANO
            [PV] => 6000
            [relations] => figuratif
            [actif] => oui
        )

    [Personnel] => Array
        (
            [name] => armand
        )

)

2013-03-07 16:32:52 Produit: Array
(
    [Action] => MODIFICATION
    [Stock] => Array
        (
            [name] => piscine
        )

    [Section] => Array
        (
            [name] => CUISINE
        )

    [Groupe] => Array
        (
            [name] => A COFFEES
        )

    [Produit] => Array
        (
            [id] => 262
            [name] => JEANI
            [PV] => 6000
            [relations] => figuratif
            [actif] => oui
        )

    [Personnel] => Array
        (
            [name] => armand
        )

)

2013-03-07 16:32:52 Produit: Array
(
    [Action] => MODIFICATION
    [Stock] => Array
        (
            [name] => piscine
        )

    [Section] => Array
        (
            [name] => CUISINE
        )

    [Groupe] => Array
        (
            [name] => A COFFEES
        )

    [Produit] => Array
        (
            [id] => 261
            [name] => JEAN
            [PV] => 6000
            [relations] => figuratif
            [actif] => oui
        )

    [Personnel] => Array
        (
            [name] => armand
        )

)

2013-03-07 16:32:52 Produit: Array
(
    [Action] => MODIFICATION
    [Stock] => Array
        (
            [name] => piscine
        )

    [Section] => Array
        (
            [name] => CUISINE
        )

    [Groupe] => Array
        (
            [name] => A COFFEES
        )

    [Produit] => Array
        (
            [id] => 260
            [name] => GLOIRE
            [PV] => 6000
            [relations] => figuratif
            [actif] => oui
        )

    [Personnel] => Array
        (
            [name] => armand
        )

)

2013-03-07 16:35:31 Produit: Array
(
    [Action] => CREATION
    [Stock] => Array
        (
            [name] => piscine
        )

    [Section] => Array
        (
            [name] => BAR
        )

    [Groupe] => Array
        (
            [name] => CAKES
        )

    [Produit] => Array
        (
            [id] => 265
            [name] => HELLO BDI
            [PV] => 1000
            [relations] => simple
            [actif] => oui
        )

    [Personnel] => Array
        (
            [name] => armand
        )

)

2013-03-07 16:36:14 Produit: Array
(
    [Action] => CREATION
    [Stock] => Array
        (
            [name] => piscine
        )

    [Section] => Array
        (
            [name] => BAR
        )

    [Groupe] => Array
        (
            [name] => CAKES
        )

    [Produit] => Array
        (
            [id] => 265
            [name] => FANTA COCA
            [PV] => 1000
            [relations] => simple
            [actif] => oui
        )

    [Personnel] => Array
        (
            [name] => armand
        )

)

2013-03-07 16:37:31 Produit: Array
(
    [Action] => CREATION
    [Produit] => Array
        (
            [id] => 266
            [name] => HAM BURGER
            [PV] => 1000
            [relations] => simple
            [actif] => oui
        )

    [Personnel] => Array
        (
            [name] => armand
        )

)

2013-03-07 16:39:02 Produit: Array
(
    [Action] => CREATION BY ARMAND
    [Produit] => Array
        (
            [id] => 266
            [name] => HAM BURGER
            [PV] => 1000
            [relations] => simple
            [actif] => oui
        )

)

2013-03-07 16:40:11 Produit: Array
(
    [Action] => MODIFICATION BY CAISSIER
    [Produit] => Array
        (
            [id] => 30
            [name] => FILET aux aubergine
            [PV] => 15000
            [relations] => figuratif
            [actif] => oui
        )

)

2013-03-13 17:00:32 Produit: Array
(
    [Action] => MODIFICATION BY ARMAND
    [Produit] => Array
        (
            [id] => 266
            [name] => HAM BURGER
            [PV] => 1000
            [relations] => simple
            [actif] => oui
        )

)

2013-03-13 17:02:39 Produit: Array
(
    [Action] => MODIFICATION BY ARMAND
    [Produit] => Array
        (
            [id] => 266
            [name] => HAM BURGER
            [PV] => 1000
            [relations] => simple
            [actif] => oui
        )

)

2013-03-13 17:04:03 Produit: Array
(
    [Action] => MODIFICATION BY ARMAND
    [Produit] => Array
        (
            [id] => 266
            [name] => HAMBURGER
            [PV] => 1000
            [relations] => simple
            [actif] => oui
        )

)

2013-03-13 17:07:00 Produit: Array
(
    [Action] => MODIFICATION BY ARMAND
    [Produit] => Array
        (
            [id] => 266
            [name] => HAMBURGER
            [PV] => 1500
            [relations] => simple
            [actif] => oui
        )

)

2013-03-13 17:10:17 Produit: Array
(
    [Action] => MODIFICATION BY ARMAND
    [Produit] => Array
        (
            [id] => 266
            [name] => HAMBURGER
            [PV] => 1500
            [relations] => simple
            [actif] => oui
        )

)

2013-03-13 17:10:23 Produit: Array
(
    [Action] => MODIFICATION BY ARMAND
    [Produit] => Array
        (
            [id] => 266
            [name] => HAMBURGER
            [PV] => 1500
            [relations] => simple
            [actif] => oui
        )

)

2013-03-13 17:11:25 Produit: Array
(
    [Action] => MODIFICATION BY ARMAND
    [Produit] => Array
        (
            [id] => 266
            [name] => HAMBURGER
            [PV] => 1500
            [relations] => simple
            [actif] => oui
        )

)

2013-03-13 17:12:02 Produit: Array
(
    [Action] => MODIFICATION BY ARMAND
    [Produit] => Array
        (
            [id] => 266
            [name] => HAMBURGER
            [PV] => 1500
            [relations] => simple
            [actif] => oui
        )

)

2013-03-13 17:12:40 Produit: Array
(
    [Action] => MODIFICATION BY ARMAND
    [Produit] => Array
        (
            [id] => 266
            [name] => HAMBURGER
            [PV] => 1500
            [relations] => simple
            [actif] => oui
        )

)

2013-03-13 17:13:47 Produit: Array
(
    [Action] => MODIFICATION BY ARMAND
    [Produit] => Array
        (
            [id] => 266
            [name] => HELLO TEE
            [PV] => 1500
            [relations] => simple
            [actif] => oui
        )

)

2013-03-13 17:15:01 Produit: Array
(
    [Action] => MODIFICATION BY ARMAND
    [Produit] => Array
        (
            [id] => 266
            [name] => HELLO TEE
            [PV] => 1500
            [relations] => simple
            [actif] => oui
        )

)

2013-03-13 17:15:05 Produit: Array
(
    [Action] => MODIFICATION BY ARMAND
    [Produit] => Array
        (
            [id] => 266
            [name] => HELLO TEE
            [PV] => 1500
            [relations] => simple
            [actif] => oui
        )

)

2013-03-13 17:15:39 Produit: Array
(
    [Action] => MODIFICATION BY ARMAND
    [Produit] => Array
        (
            [id] => 266
            [name] => HELLO TEE
            [PV] => 1500
            [relations] => simple
            [actif] => oui
        )

)

2013-03-13 17:16:26 Produit: Array
(
    [Action] => MODIFICATION BY ARMAND
    [Produit] => Array
        (
            [id] => 266
            [name] => HAM BURGER
            [PV] => 1500
            [relations] => simple
            [actif] => oui
        )

)

2013-03-13 17:19:18 Produit: Array
(
    [Action] => MODIFICATION BY ARMAND
    [Produit] => Array
        (
            [id] => 266
            [name] => HAM BURGER
            [PV] => 1500
            [relations] => simple
            [actif] => oui
        )

)

2013-03-13 17:19:41 Produit: Array
(
    [Action] => MODIFICATION BY ARMAND
    [Produit] => Array
        (
            [id] => 266
            [name] => HAM BURGER
            [PV] => 1500
            [relations] => simple
            [actif] => oui
        )

)

2013-03-13 17:20:35 Produit: Array
(
    [Action] => MODIFICATION BY ARMAND
    [Produit] => Array
        (
            [id] => 266
            [name] => HAMBURGER
            [PV] => 1500
            [relations] => simple
            [actif] => oui
        )

)

2013-03-13 17:46:47 Produit: Array
(
    [Action] => MODIFICATION BY ARMAND
    [Produit] => Array
        (
            [id] => 265
            [name] => FANTA COCA
            [PV] => 1000
            [relations] => simple
            [actif] => oui
        )

)

2013-03-13 17:47:02 Produit: Array
(
    [Action] => MODIFICATION BY ARMAND
    [Produit] => Array
        (
            [id] => 265
            [name] => FANTA COCA
            [PV] => 1000
            [relations] => simple
            [actif] => oui
        )

)

2013-04-03 11:37:08 Produit: Array
(
    [Action] => CREATION BY ARMAND
    [Produit] => Array
        (
            [id] => 267
            [name] => TEST
            [PV] => 100
            [relations] => simple
            [actif] => oui
        )

)

2013-04-03 11:37:11 Produit: Array
(
    [Action] => CREATION BY ARMAND
    [Produit] => Array
        (
            [id] => 268
            [name] => TEST
            [PV] => 100
            [relations] => simple
            [actif] => oui
        )

)

2013-04-03 11:42:44 Produit: Array
(
    [Action] => CREATION BY ARMAND
    [Produit] => Array
        (
            [id] => 269
            [name] => TEST
            [PV] => 100
            [relations] => simple
            [actif] => oui
        )

)

2013-04-03 18:49:22 Produit: Array
(
    [Action] => MODIFICATION BY ARMAND
    [Produit] => 
)

2013-04-03 18:54:09 Produit: Array
(
    [Action] => MODIFICATION BY ARMAND
    [Produit] => 
)

2013-04-03 19:31:28 Produit: Array
(
    [Action] => MODIFICATION BY ARMAND
    [Produit] => 
)

2013-04-03 19:31:59 Produit: Array
(
    [Action] => MODIFICATION BY ARMAND
    [Produit] => 
)

2013-04-03 19:32:27 Produit: Array
(
    [Action] => MODIFICATION BY ARMAND
    [Produit] => 
)

2013-04-03 19:32:44 Produit: Array
(
    [Action] => MODIFICATION BY ARMAND
    [Produit] => 
)

2013-04-03 19:36:53 Produit: Array
(
    [Action] => MODIFICATION BY ARMAND
    [Produit] => 
)

2013-04-03 19:39:22 Produit: Array
(
    [Action] => MODIFICATION BY ARMAND
    [Produit] => Array
        (
            [id] => 17
            [name] => BOULETTE
            [PV] => 3000
            [type] => non_stockable
            [actif] => oui
        )

)

2013-04-03 19:39:31 Produit: Array
(
    [Action] => MODIFICATION BY ARMAND
    [Produit] => Array
        (
            [id] => 17
            [name] => BOULETTES
            [PV] => 3000
            [type] => non_stockable
            [actif] => oui
        )

)

2013-04-03 19:46:27 Produit: Array
(
    [Action] => CREATION BY ARMAND
    [Produit] => Array
        (
            [id] => 271
            [name] => BOEUF CARBONATE
            [PV] => 1000
            [type] => non_stockable
            [actif] => oui
        )

)

2013-04-03 19:47:49 Produit: Array
(
    [Action] => MODIFICATION BY ARMAND
    [Produit] => Array
        (
            [id] => 271
            [name] => BOEUF CARBONATE
            [PV] => 1000
            [type] => non_stockable
            [actif] => oui
        )

)

2013-04-03 19:49:05 Produit: Array
(
    [Action] => MODIFICATION BY ARMAND
    [Produit] => Array
        (
            [id] => 17
            [name] => BOULETTES
            [PV] => 3000
            [type] => non_stockable
            [actif] => oui
        )

)

2013-04-03 20:42:26 Produit: Array
(
    [Action] => MODIFICATION BY ARMAND
    [Produit] => Array
        (
            [id] => 262
            [name] => JEANI
            [PV] => 6000
            [type] => stockable
            [actif] => oui
        )

)

2013-04-05 22:06:34 Produit: Array
(
    [Action] => MODIFICATION BY ARMAND
    [Produit] => Array
        (
            [id] => 268
            [name] => TEST
            [PV] => 100
            [type] => stockable
            [actif] => oui
        )

)

2013-04-05 22:16:20 Produit: Array
(
    [Action] => MODIFICATION BY ARMAND
    [Produit] => Array
        (
            [id] => 271
            [name] => BOEUF CARBONATE
            [PV] => 1000
            [type] => non_stockable
            [actif] => oui
        )

)

2013-04-07 22:16:09 Produit: Array
(
    [Action] => MODIFICATION BY ARMAND
    [Produit] => Array
        (
            [id] => 268
            [name] => JUS D-ORANGE
            [PV] => 100
            [type] => stockable
            [actif] => oui
        )

)

2013-04-07 22:56:03 Produit: Array
(
    [Action] => CREATION BY ARMAND
    [Produit] => Array
        (
            [id] => 272
            [name] => FORET NOIRE
            [PV] => 10000
            [type] => non_stockable
            [actif] => oui
        )

)

2013-04-07 23:18:38 Produit: Array
(
    [Action] => CREATION BY ARMAND
    [Produit] => Array
        (
            [id] => 273
            [name] => MANGO MADNESS
            [PV] => 3000
            [type] => stockable
            [actif] => oui
        )

)

2013-04-07 23:20:09 Produit: Array
(
    [Action] => CREATION BY ARMAND
    [Produit] => Array
        (
            [id] => 274
            [name] => AVOCAT
            [PV] => 1000
            [type] => stockable
            [actif] => oui
        )

)

2013-04-07 23:22:32 Produit: Array
(
    [Action] => MODIFICATION BY ARMAND
    [Produit] => Array
        (
            [id] => 274
            [name] => AVOCAT
            [PV] => 1000
            [type] => stockable
            [actif] => oui
        )

)

2013-04-07 23:24:54 Produit: Array
(
    [Action] => MODIFICATION BY ARMAND
    [Produit] => Array
        (
            [id] => 274
            [name] => AVOCAT
            [PV] => 1000
            [type] => stockable
            [actif] => oui
        )

)

2013-04-08 01:05:19 Produit: Array
(
    [Action] => CREATION BY ARMAND
    [Produit] => Array
        (
            [id] => 1
            [name] => AFRICAN COFFEE
            [PV] => 3000
            [type] => stockable
            [actif] => oui
        )

)

2013-04-08 01:05:28 Produit: Array
(
    [Action] => MODIFICATION BY ARMAND
    [Produit] => Array
        (
            [id] => 1
            [name] => AFRICAN COFFEE
            [PV] => 3000
            [type] => stockable
            [actif] => oui
        )

)

2013-04-08 01:07:03 Produit: Array
(
    [Action] => CREATION BY ARMAND
    [Produit] => Array
        (
            [id] => 2
            [name] => THE
            [PV] => 2000
            [type] => stockable
            [actif] => oui
        )

)

2013-04-08 09:59:46 Produit: Array
(
    [Action] => MODIFICATION BY ARMAND
    [Produit] => Array
        (
            [id] => 2
            [name] => THE
            [PV] => 2000
            [type] => stockable
            [actif] => non
        )

)

2013-04-08 09:59:46 Produit: Array
(
    [Action] => MODIFICATION BY ARMAND
    [Produit] => Array
        (
            [id] => 1
            [name] => AFRICAN COFFEE
            [PV] => 3000
            [type] => stockable
            [actif] => non
        )

)

2013-04-08 10:00:44 Produit: Array
(
    [Action] => MODIFICATION BY ARMAND
    [Produit] => Array
        (
            [id] => 2
            [name] => THE
            [PV] => 2000
            [type] => stockable
            [actif] => oui
        )

)

2013-04-08 10:00:44 Produit: Array
(
    [Action] => MODIFICATION BY ARMAND
    [Produit] => Array
        (
            [id] => 1
            [name] => AFRICAN COFFEE
            [PV] => 3000
            [type] => stockable
            [actif] => oui
        )

)

2013-04-08 12:53:07 Produit: Array
(
    [Action] => ADD BY ARMAND
    [Produit] => Array
        (
            [id] => 3
            [name] => BIG BURGER
            [PV] => 3000
            [type] => non_stockable
            [actif] => oui
        )

)

2013-04-08 12:54:21 Produit: Array
(
    [Action] => ADD BY ARMAND
    [Produit] => Array
        (
            [id] => 4
            [name] => KINJU
            [PV] => 3000
            [type] => stockable
            [actif] => oui
        )

)

2013-04-08 12:54:38 Produit: Array
(
    [Action] => ADD BY ARMAND
    [Produit] => Array
        (
            [id] => 5
            [name] => RAMBA
            [PV] => 3000
            [type] => stockable
            [actif] => oui
        )

)

2013-04-08 12:54:42 Produit: Array
(
    [Action] => ADD BY ARMAND
    [Produit] => Array
        (
            [id] => 6
            [name] => AQUAVIE
            [PV] => 3000
            [type] => stockable
            [actif] => oui
        )

)

2013-04-08 12:56:26 Produit: Array
(
    [Action] => ADD BY ARMAND
    [Produit] => Array
        (
            [id] => 7
            [name] => AQUAVIE
            [PV] => 3000
            [type] => stockable
            [actif] => oui
        )

)

2013-04-08 12:56:38 Produit: Array
(
    [Action] => ADD BY ARMAND
    [Produit] => Array
        (
            [id] => 8
            [name] => KINJU
            [PV] => 3000
            [type] => stockable
            [actif] => oui
        )

)

2013-04-08 12:56:43 Produit: Array
(
    [Action] => ADD BY ARMAND
    [Produit] => Array
        (
            [id] => 9
            [name] => RAMBA
            [PV] => 3000
            [type] => stockable
            [actif] => oui
        )

)

2013-04-08 12:57:19 Produit: Array
(
    [Action] => ADD BY ARMAND
    [Produit] => Array
        (
            [id] => 10
            [name] => KINJU
            [PV] => 2000
            [type] => stockable
            [actif] => oui
        )

)

2013-04-08 12:57:24 Produit: Array
(
    [Action] => ADD BY ARMAND
    [Produit] => Array
        (
            [id] => 11
            [name] => RAMBA
            [PV] => 2000
            [type] => stockable
            [actif] => oui
        )

)

2013-04-08 12:57:40 Produit: Array
(
    [Action] => ADD BY ARMAND
    [Produit] => Array
        (
            [id] => 12
            [name] => RAMBA
            [PV] => 2000
            [type] => stockable
            [actif] => oui
        )

)

2013-04-08 14:24:09 Produit: Array
(
    [Action] => ADD BY ARMAND
    [Produit] => Array
        (
            [id] => 13
            [name] => BIG BURGER
            [PV] => 20000
            [type] => non_stockable
            [actif] => oui
        )

)

2013-04-08 14:35:28 Produit: Array
(
    [Action] => EDIT BY ARMAND
    [Produit] => Array
        (
            [id] => 13
            [name] => BIG BURGER
            [PV] => 20000
            [type] => non_stockable
            [actif] => oui
        )

)

2013-04-08 14:41:33 Produit: Array
(
    [Action] => EDIT BY ARMAND
    [Produit] => Array
        (
            [id] => 13
            [name] => BIG BURGER
            [PV] => 20000
            [type] => non_stockable
            [actif] => oui
        )

)

2013-04-08 14:41:50 Produit: Array
(
    [Action] => ADD BY ARMAND
    [Produit] => Array
        (
            [id] => 14
            [name] => YAOURT
            [PV] => 2000
            [type] => non_stockable
            [actif] => oui
        )

)

2013-04-08 14:43:02 Produit: Array
(
    [Action] => EDIT BY ARMAND
    [Produit] => Array
        (
            [id] => 13
            [name] => BIG BURGER
            [PV] => 20000
            [type] => stockable
            [actif] => oui
        )

)

2013-04-08 14:43:28 Produit: Array
(
    [Action] => EDIT BY ARMAND
    [Produit] => Array
        (
            [id] => 13
            [name] => BIG BURGER
            [PV] => 20000
            [type] => stockable
            [actif] => oui
        )

)

2013-04-10 23:25:15 Produit: Array
(
    [Action] => ADD BY CAISSIER
    [Produit] => Array
        (
            [id] => 15
            [name] => HOT CHOCOLATE
            [PV] => 5000
            [type] => non_stockable
            [actif] => oui
        )

)

2013-04-10 23:26:56 Produit: Array
(
    [Action] => ADD BY CAISSIER
    [Produit] => Array
        (
            [id] => 16
            [name] => YAOURT
            [PV] => 1800
            [type] => non_stockable
            [actif] => oui
        )

)

2013-04-15 11:51:38 Produit: Array
(
    [Action] => ADD BY ARMAND
    [Produit] => Array
        (
            [id] => 17
            [name] => SUCRES
            [PV] => 0
            [type] => stockable
            [actif] => oui
        )

)

2013-04-15 11:54:33 Produit: Array
(
    [Action] => EDIT BY ARMAND
    [Produit] => Array
        (
            [id] => 17
            [name] => SUCRES
            [PV] => 2500
            [type] => stockable
            [actif] => oui
        )

)

2013-04-15 13:16:53 Produit: Array
(
    [Action] => ADD BY ARMAND
    [Produit] => Array
        (
            [id] => 18
            [name] => ULTIMATE BURGER
            [PV] => 20000
            [type] => stockable
            [actif] => oui
        )

)

2013-04-15 13:17:10 Produit: Array
(
    [Action] => EDIT BY ARMAND
    [Produit] => Array
        (
            [id] => 18
            [name] => ULTIMATE BURGER
            [PV] => 20000
            [type] => non_stockable
            [actif] => oui
        )

)

2013-04-29 01:22:57 Produit: Array
(
    [Action] => MODIFICATION BY ARMAND
    [Produit] => Array
        (
            [id] => 21
            [name] => GATEAU
            [PV] => 3000
            [type] => non_stockable
            [actif] => oui
        )

)

2013-04-29 01:22:57 Produit: Array
(
    [Action] => MODIFICATION BY ARMAND
    [Produit] => Array
        (
            [id] => 18
            [name] => BIG BURGER
            [PV] => 10000
            [type] => non_stockable
            [actif] => oui
        )

)

2013-04-29 01:22:57 Produit: Array
(
    [Action] => MODIFICATION BY ARMAND
    [Produit] => Array
        (
            [id] => 17
            [name] => SUCRES
            [PV] => 2500
            [type] => stockable
            [actif] => oui
        )

)

2013-04-29 01:22:57 Produit: Array
(
    [Action] => MODIFICATION BY ARMAND
    [Produit] => Array
        (
            [id] => 16
            [name] => YAOURT
            [PV] => 1800
            [type] => non_stockable
            [actif] => oui
        )

)

2013-04-29 01:22:57 Produit: Array
(
    [Action] => MODIFICATION BY ARMAND
    [Produit] => Array
        (
            [id] => 15
            [name] => HOT CHOCOLATE
            [PV] => 5000
            [type] => non_stockable
            [actif] => oui
        )

)

2013-04-29 01:22:57 Produit: Array
(
    [Action] => MODIFICATION BY ARMAND
    [Produit] => Array
        (
            [id] => 1
            [name] => AFRICAN COFFEE
            [PV] => 3000
            [type] => stockable
            [actif] => oui
        )

)

2013-04-29 01:23:16 Produit: Array
(
    [Action] => MODIFICATION BY ARMAND
    [Produit] => Array
        (
            [id] => 21
            [name] => GATEAU
            [PV] => 3000
            [type] => non_stockable
            [actif] => oui
        )

)

2013-04-29 01:23:16 Produit: Array
(
    [Action] => MODIFICATION BY ARMAND
    [Produit] => Array
        (
            [id] => 18
            [name] => BIG BURGER
            [PV] => 10000
            [type] => non_stockable
            [actif] => oui
        )

)

2013-04-29 01:23:16 Produit: Array
(
    [Action] => MODIFICATION BY ARMAND
    [Produit] => Array
        (
            [id] => 17
            [name] => SUCRES
            [PV] => 2500
            [type] => stockable
            [actif] => oui
        )

)

2013-04-29 01:23:16 Produit: Array
(
    [Action] => MODIFICATION BY ARMAND
    [Produit] => Array
        (
            [id] => 16
            [name] => YAOURT
            [PV] => 1800
            [type] => non_stockable
            [actif] => oui
        )

)

2013-04-29 01:23:16 Produit: Array
(
    [Action] => MODIFICATION BY ARMAND
    [Produit] => Array
        (
            [id] => 15
            [name] => HOT CHOCOLATE
            [PV] => 5000
            [type] => non_stockable
            [actif] => oui
        )

)

2013-04-29 01:23:16 Produit: Array
(
    [Action] => MODIFICATION BY ARMAND
    [Produit] => Array
        (
            [id] => 1
            [name] => AFRICAN COFFEE
            [PV] => 3000
            [type] => stockable
            [actif] => oui
        )

)

2013-04-29 01:23:54 Produit: Array
(
    [Action] => MODIFICATION BY ARMAND
    [Produit] => Array
        (
            [id] => 21
            [name] => GATEAU
            [PV] => 3000
            [type] => stockable
            [actif] => oui
        )

)

2013-04-29 01:23:54 Produit: Array
(
    [Action] => MODIFICATION BY ARMAND
    [Produit] => Array
        (
            [id] => 18
            [name] => BIG BURGER
            [PV] => 10000
            [type] => stockable
            [actif] => oui
        )

)

2013-04-29 01:24:01 Produit: Array
(
    [Action] => MODIFICATION BY ARMAND
    [Produit] => Array
        (
            [id] => 21
            [name] => GATEAU
            [PV] => 3000
            [type] => stockable
            [actif] => oui
        )

)

2013-04-29 01:24:01 Produit: Array
(
    [Action] => MODIFICATION BY ARMAND
    [Produit] => Array
        (
            [id] => 18
            [name] => BIG BURGER
            [PV] => 10000
            [type] => stockable
            [actif] => oui
        )

)

2013-04-29 01:24:01 Produit: Array
(
    [Action] => MODIFICATION BY ARMAND
    [Produit] => Array
        (
            [id] => 17
            [name] => SUCRES
            [PV] => 2500
            [type] => stockable
            [actif] => oui
        )

)

2013-04-29 01:24:01 Produit: Array
(
    [Action] => MODIFICATION BY ARMAND
    [Produit] => Array
        (
            [id] => 16
            [name] => YAOURT
            [PV] => 1800
            [type] => stockable
            [actif] => oui
        )

)

2013-04-29 01:24:01 Produit: Array
(
    [Action] => MODIFICATION BY ARMAND
    [Produit] => Array
        (
            [id] => 15
            [name] => HOT CHOCOLATE
            [PV] => 5000
            [type] => stockable
            [actif] => oui
        )

)

2013-04-29 01:24:01 Produit: Array
(
    [Action] => MODIFICATION BY ARMAND
    [Produit] => Array
        (
            [id] => 1
            [name] => AFRICAN COFFEE
            [PV] => 3000
            [type] => stockable
            [actif] => oui
        )

)

2013-04-29 01:24:18 Produit: Array
(
    [Action] => MODIFICATION BY ARMAND
    [Produit] => Array
        (
            [id] => 21
            [name] => GATEAU
            [PV] => 3000
            [type] => stockable
            [actif] => oui
        )

)

2013-04-29 01:24:18 Produit: Array
(
    [Action] => MODIFICATION BY ARMAND
    [Produit] => Array
        (
            [id] => 18
            [name] => BIG BURGER
            [PV] => 10000
            [type] => stockable
            [actif] => oui
        )

)

2013-04-29 01:24:18 Produit: Array
(
    [Action] => MODIFICATION BY ARMAND
    [Produit] => Array
        (
            [id] => 17
            [name] => SUCRES
            [PV] => 2500
            [type] => stockable
            [actif] => oui
        )

)

2013-04-29 01:24:18 Produit: Array
(
    [Action] => MODIFICATION BY ARMAND
    [Produit] => Array
        (
            [id] => 16
            [name] => YAOURT
            [PV] => 1800
            [type] => stockable
            [actif] => oui
        )

)

2013-04-29 01:24:18 Produit: Array
(
    [Action] => MODIFICATION BY ARMAND
    [Produit] => Array
        (
            [id] => 15
            [name] => HOT CHOCOLATE
            [PV] => 5000
            [type] => stockable
            [actif] => oui
        )

)

2013-04-29 01:24:18 Produit: Array
(
    [Action] => MODIFICATION BY ARMAND
    [Produit] => Array
        (
            [id] => 1
            [name] => AFRICAN COFFEE
            [PV] => 3000
            [type] => stockable
            [actif] => oui
        )

)

2013-07-03 23:55:13 Produit: Array
(
    [Action] => MODIFICATION BY ARMAND
    [Produit] => Array
        (
            [id] => 19
            [name] => CROQUE MADAME
            [PV] => 11000
            [type] => stockable
            [actif] => non
        )

)

2013-07-03 23:55:13 Produit: Array
(
    [Action] => MODIFICATION BY ARMAND
    [Produit] => Array
        (
            [id] => 18
            [name] => CROQUE MONSIEUR
            [PV] => 11000
            [type] => stockable
            [actif] => non
        )

)

2013-07-03 23:55:40 Produit: Array
(
    [Action] => MODIFICATION BY ARMAND
    [Produit] => Array
        (
            [id] => 19
            [name] => CROQUE MADAME
            [PV] => 11000
            [type] => non_stockable
            [actif] => non
        )

)

2013-07-03 23:55:40 Produit: Array
(
    [Action] => MODIFICATION BY ARMAND
    [Produit] => Array
        (
            [id] => 18
            [name] => CROQUE MONSIEUR
            [PV] => 11000
            [type] => non_stockable
            [actif] => non
        )

)

2013-07-04 01:13:47 Produit: Array
(
    [Action] => MODIFICATION BY ARMAND
    [Produit] => Array
        (
            [id] => 19
            [name] => CROQUE MADAME
            [PV] => 11000
            [type] => non_stockable
            [actif] => non
        )

)

2013-07-04 01:13:47 Produit: Array
(
    [Action] => MODIFICATION BY ARMAND
    [Produit] => Array
        (
            [id] => 18
            [name] => CROQUE MONSIEUR
            [PV] => 11000
            [type] => non_stockable
            [actif] => non
        )

)

2013-07-04 01:13:47 Produit: Array
(
    [Action] => MODIFICATION BY ARMAND
    [Produit] => Array
        (
            [id] => 17
            [name] => MUKEKE
            [PV] => 12000
            [type] => non_stockable
            [actif] => non
        )

)

2013-07-04 01:14:20 Produit: Array
(
    [Action] => MODIFICATION BY ARMAND
    [Produit] => Array
        (
            [id] => 19
            [name] => CROQUE MADAME
            [PV] => 11000
            [type] => non_stockable
            [actif] => oui
        )

)

2013-07-04 01:14:20 Produit: Array
(
    [Action] => MODIFICATION BY ARMAND
    [Produit] => Array
        (
            [id] => 18
            [name] => CROQUE MONSIEUR
            [PV] => 11000
            [type] => non_stockable
            [actif] => oui
        )

)

2013-07-04 01:14:20 Produit: Array
(
    [Action] => MODIFICATION BY ARMAND
    [Produit] => Array
        (
            [id] => 17
            [name] => MUKEKE
            [PV] => 12000
            [type] => non_stockable
            [actif] => oui
        )

)

2013-10-30 23:09:17 Produit: Array
(
    [Action] => MODIFICATION BY ARMAND
    [Produit] => Array
        (
            [id] => 30
            [name] => POULET 1/4
            [PV] => 10000
            [type] => non_stockable
            [actif] => oui
        )

)

2013-10-30 23:09:17 Produit: Array
(
    [Action] => MODIFICATION BY ARMAND
    [Produit] => Array
        (
            [id] => 29
            [name] => RIZ
            [PV] => 2000
            [type] => stockable
            [actif] => oui
        )

)

2013-10-30 23:09:17 Produit: Array
(
    [Action] => MODIFICATION BY ARMAND
    [Produit] => Array
        (
            [id] => 28
            [name] => FRITES
            [PV] => 2000
            [type] => non_stockable
            [actif] => oui
        )

)

2013-10-30 23:09:17 Produit: Array
(
    [Action] => MODIFICATION BY ARMAND
    [Produit] => Array
        (
            [id] => 27
            [name] => REPASSAGE PANTALON
            [PV] => 2000
            [type] => non_stockable
            [actif] => oui
        )

)

2013-10-30 23:09:17 Produit: Array
(
    [Action] => MODIFICATION BY ARMAND
    [Produit] => Array
        (
            [id] => 26
            [name] => REPASSAGE BUANDERIE
            [PV] => 1000
            [type] => non_stockable
            [actif] => oui
        )

)

2013-10-30 23:09:17 Produit: Array
(
    [Action] => MODIFICATION BY ARMAND
    [Produit] => Array
        (
            [id] => 25
            [name] => PIMENTS
            [PV] => 1000
            [type] => stockable
            [actif] => oui
        )

)

2013-10-30 23:09:17 Produit: Array
(
    [Action] => MODIFICATION BY ARMAND
    [Produit] => Array
        (
            [id] => 24
            [name] => J&B
            [PV] => 5000
            [type] => stockable
            [actif] => oui
        )

)

2013-10-30 23:09:17 Produit: Array
(
    [Action] => MODIFICATION BY ARMAND
    [Produit] => Array
        (
            [id] => 23
            [name] => UU
            [PV] => 1
            [type] => stockable
            [actif] => oui
        )

)

2013-10-30 23:09:17 Produit: Array
(
    [Action] => MODIFICATION BY ARMAND
    [Produit] => Array
        (
            [id] => 22
            [name] => SANGALA MEUNIERE
            [PV] => 15000
            [type] => non_stockable
            [actif] => oui
        )

)

2013-10-30 23:09:17 Produit: Array
(
    [Action] => MODIFICATION BY ARMAND
    [Produit] => Array
        (
            [id] => 19
            [name] => CROQUE MADAME
            [PV] => 11000
            [type] => non_stockable
            [actif] => oui
        )

)

2013-10-30 23:09:17 Produit: Array
(
    [Action] => MODIFICATION BY ARMAND
    [Produit] => Array
        (
            [id] => 18
            [name] => CROQUE MONSIEUR
            [PV] => 11000
            [type] => non_stockable
            [actif] => oui
        )

)

2013-10-30 23:09:17 Produit: Array
(
    [Action] => MODIFICATION BY ARMAND
    [Produit] => Array
        (
            [id] => 17
            [name] => MUKEKE
            [PV] => 12000
            [type] => non_stockable
            [actif] => oui
        )

)

2013-10-30 23:09:17 Produit: Array
(
    [Action] => MODIFICATION BY ARMAND
    [Produit] => Array
        (
            [id] => 16
            [name] => SANGALA
            [PV] => 10000
            [type] => non_stockable
            [actif] => oui
        )

)

2013-10-30 23:09:17 Produit: Array
(
    [Action] => MODIFICATION BY ARMAND
    [Produit] => Array
        (
            [id] => 15
            [name] => CAPPUCINO
            [PV] => 3500
            [type] => non_stockable
            [actif] => oui
        )

)

2013-10-30 23:09:17 Produit: Array
(
    [Action] => MODIFICATION BY ARMAND
    [Produit] => Array
        (
            [id] => 14
            [name] => AFRICAN COFEE
            [PV] => 2500
            [type] => non_stockable
            [actif] => oui
        )

)

2013-10-30 23:09:17 Produit: Array
(
    [Action] => MODIFICATION BY ARMAND
    [Produit] => Array
        (
            [id] => 13
            [name] => FANTA CITRON 
            [PV] => 3500
            [type] => stockable
            [actif] => oui
        )

)

2013-10-30 23:09:17 Produit: Array
(
    [Action] => MODIFICATION BY ARMAND
    [Produit] => Array
        (
            [id] => 12
            [name] => FANTA ORANGE 
            [PV] => 3500
            [type] => stockable
            [actif] => oui
        )

)

2013-10-30 23:09:17 Produit: Array
(
    [Action] => MODIFICATION BY ARMAND
    [Produit] => Array
        (
            [id] => 11
            [name] => APPLE
            [PV] => 3500
            [type] => non_stockable
            [actif] => oui
        )

)

2013-10-30 23:09:17 Produit: Array
(
    [Action] => MODIFICATION BY ARMAND
    [Produit] => Array
        (
            [id] => 10
            [name] => ORANGE
            [PV] => 3000
            [type] => non_stockable
            [actif] => oui
        )

)

2013-10-30 23:11:07 Produit: Array
(
    [Action] => MODIFICATION BY ARMAND
    [Produit] => Array
        (
            [id] => 31
            [name] => VERTIGO
            [PV] => 3000
            [type] => stockable
            [actif] => oui
        )

)

2013-10-30 23:11:07 Produit: Array
(
    [Action] => MODIFICATION BY ARMAND
    [Produit] => Array
        (
            [id] => 30
            [name] => POULET 1/4
            [PV] => 10000
            [type] => non_stockable
            [actif] => oui
        )

)

2013-10-30 23:11:07 Produit: Array
(
    [Action] => MODIFICATION BY ARMAND
    [Produit] => Array
        (
            [id] => 29
            [name] => RIZ
            [PV] => 2000
            [type] => stockable
            [actif] => oui
        )

)

2013-10-30 23:11:07 Produit: Array
(
    [Action] => MODIFICATION BY ARMAND
    [Produit] => Array
        (
            [id] => 28
            [name] => FRITES
            [PV] => 2000
            [type] => non_stockable
            [actif] => oui
        )

)

2013-10-30 23:11:07 Produit: Array
(
    [Action] => MODIFICATION BY ARMAND
    [Produit] => Array
        (
            [id] => 27
            [name] => REPASSAGE PANTALON
            [PV] => 2000
            [type] => non_stockable
            [actif] => oui
        )

)

2013-10-30 23:11:07 Produit: Array
(
    [Action] => MODIFICATION BY ARMAND
    [Produit] => Array
        (
            [id] => 26
            [name] => REPASSAGE BUANDERIE
            [PV] => 1000
            [type] => non_stockable
            [actif] => oui
        )

)

2013-10-30 23:11:07 Produit: Array
(
    [Action] => MODIFICATION BY ARMAND
    [Produit] => Array
        (
            [id] => 25
            [name] => PIMENTS
            [PV] => 1000
            [type] => stockable
            [actif] => oui
        )

)

2013-10-30 23:11:07 Produit: Array
(
    [Action] => MODIFICATION BY ARMAND
    [Produit] => Array
        (
            [id] => 24
            [name] => J&B
            [PV] => 5000
            [type] => stockable
            [actif] => oui
        )

)

2013-10-30 23:11:07 Produit: Array
(
    [Action] => MODIFICATION BY ARMAND
    [Produit] => Array
        (
            [id] => 23
            [name] => UU
            [PV] => 1
            [type] => stockable
            [actif] => oui
        )

)

2013-10-30 23:11:07 Produit: Array
(
    [Action] => MODIFICATION BY ARMAND
    [Produit] => Array
        (
            [id] => 22
            [name] => SANGALA MEUNIERE
            [PV] => 15000
            [type] => non_stockable
            [actif] => oui
        )

)

2013-10-30 23:11:07 Produit: Array
(
    [Action] => MODIFICATION BY ARMAND
    [Produit] => Array
        (
            [id] => 19
            [name] => CROQUE MADAME
            [PV] => 11000
            [type] => non_stockable
            [actif] => oui
        )

)

2013-10-30 23:11:07 Produit: Array
(
    [Action] => MODIFICATION BY ARMAND
    [Produit] => Array
        (
            [id] => 18
            [name] => CROQUE MONSIEUR
            [PV] => 11000
            [type] => non_stockable
            [actif] => oui
        )

)

2013-10-30 23:11:07 Produit: Array
(
    [Action] => MODIFICATION BY ARMAND
    [Produit] => Array
        (
            [id] => 17
            [name] => MUKEKE
            [PV] => 12000
            [type] => non_stockable
            [actif] => oui
        )

)

2013-10-30 23:11:07 Produit: Array
(
    [Action] => MODIFICATION BY ARMAND
    [Produit] => Array
        (
            [id] => 16
            [name] => SANGALA
            [PV] => 10000
            [type] => non_stockable
            [actif] => oui
        )

)

2013-10-30 23:11:07 Produit: Array
(
    [Action] => MODIFICATION BY ARMAND
    [Produit] => Array
        (
            [id] => 15
            [name] => CAPPUCINO
            [PV] => 3500
            [type] => non_stockable
            [actif] => oui
        )

)

2013-10-30 23:11:07 Produit: Array
(
    [Action] => MODIFICATION BY ARMAND
    [Produit] => Array
        (
            [id] => 14
            [name] => AFRICAN COFEE
            [PV] => 2500
            [type] => non_stockable
            [actif] => oui
        )

)

2013-10-30 23:11:07 Produit: Array
(
    [Action] => MODIFICATION BY ARMAND
    [Produit] => Array
        (
            [id] => 13
            [name] => FANTA CITRON 
            [PV] => 3500
            [type] => stockable
            [actif] => oui
        )

)

2013-10-30 23:11:07 Produit: Array
(
    [Action] => MODIFICATION BY ARMAND
    [Produit] => Array
        (
            [id] => 12
            [name] => FANTA ORANGE 
            [PV] => 3500
            [type] => stockable
            [actif] => oui
        )

)

2013-10-30 23:11:07 Produit: Array
(
    [Action] => MODIFICATION BY ARMAND
    [Produit] => Array
        (
            [id] => 11
            [name] => APPLE
            [PV] => 3500
            [type] => non_stockable
            [actif] => oui
        )

)

2013-10-30 23:11:07 Produit: Array
(
    [Action] => MODIFICATION BY ARMAND
    [Produit] => Array
        (
            [id] => 10
            [name] => ORANGE
            [PV] => 3000
            [type] => non_stockable
            [actif] => oui
        )

)

2013-10-31 00:13:44 Produit: Array
(
    [Action] => MODIFICATION BY ARMAND
    [Produit] => Array
        (
            [id] => 1
            [name] => PRIMUS
            [PV] => 3000
            [type] => stockable
            [actif] => non
        )

)

2013-10-31 00:13:44 Produit: Array
(
    [Action] => MODIFICATION BY ARMAND
    [Produit] => Array
        (
            [id] => 13
            [name] => FANTA CITRON 
            [PV] => 3500
            [type] => stockable
            [actif] => oui
        )

)

2013-10-31 00:13:44 Produit: Array
(
    [Action] => MODIFICATION BY ARMAND
    [Produit] => Array
        (
            [id] => 12
            [name] => FANTA ORANGE 
            [PV] => 3500
            [type] => stockable
            [actif] => oui
        )

)

2013-10-31 00:13:44 Produit: Array
(
    [Action] => MODIFICATION BY ARMAND
    [Produit] => Array
        (
            [id] => 2
            [name] => AMSTEL 65CL
            [PV] => 4000
            [type] => stockable
            [actif] => oui
        )

)

2013-10-31 00:13:44 Produit: Array
(
    [Action] => MODIFICATION BY ARMAND
    [Produit] => Array
        (
            [id] => 3
            [name] => FANTA COCA
            [PV] => 1500
            [type] => stockable
            [actif] => oui
        )

)

2013-10-31 00:14:42 Produit: Array
(
    [Action] => MODIFICATION BY ARMAND
    [Produit] => Array
        (
            [id] => 10
            [name] => ORANGE
            [PV] => 3000
            [type] => non_stockable
            [actif] => oui
        )

)

2013-10-31 00:14:42 Produit: Array
(
    [Action] => MODIFICATION BY ARMAND
    [Produit] => Array
        (
            [id] => 11
            [name] => APPLE
            [PV] => 3500
            [type] => non_stockable
            [actif] => oui
        )

)

2013-10-31 00:15:13 Produit: Array
(
    [Action] => MODIFICATION BY ARMAND
    [Produit] => Array
        (
            [id] => 5
            [name] => POULET ENTIER
            [PV] => 40000
            [type] => non_stockable
            [actif] => oui
        )

)

2013-10-31 00:15:13 Produit: Array
(
    [Action] => MODIFICATION BY ARMAND
    [Produit] => Array
        (
            [id] => 30
            [name] => POULET 1/4
            [PV] => 10000
            [type] => non_stockable
            [actif] => oui
        )

)

2013-10-31 00:15:13 Produit: Array
(
    [Action] => MODIFICATION BY ARMAND
    [Produit] => Array
        (
            [id] => 4
            [name] => PIZZA MAFIOZO
            [PV] => 10000
            [type] => non_stockable
            [actif] => oui
        )

)

2013-10-31 00:15:13 Produit: Array
(
    [Action] => MODIFICATION BY ARMAND
    [Produit] => Array
        (
            [id] => 9
            [name] => BIG BURGER
            [PV] => 24000
            [type] => non_stockable
            [actif] => oui
        )

)

2013-10-31 00:15:13 Produit: Array
(
    [Action] => MODIFICATION BY ARMAND
    [Produit] => Array
        (
            [id] => 8
            [name] => CHEESE BURGER
            [PV] => 10000
            [type] => non_stockable
            [actif] => oui
        )

)

2013-10-31 00:15:13 Produit: Array
(
    [Action] => MODIFICATION BY ARMAND
    [Produit] => Array
        (
            [id] => 19
            [name] => CROQUE MADAME
            [PV] => 11000
            [type] => non_stockable
            [actif] => oui
        )

)

2013-10-31 00:15:13 Produit: Array
(
    [Action] => MODIFICATION BY ARMAND
    [Produit] => Array
        (
            [id] => 18
            [name] => CROQUE MONSIEUR
            [PV] => 11000
            [type] => non_stockable
            [actif] => oui
        )

)

2013-10-31 00:15:13 Produit: Array
(
    [Action] => MODIFICATION BY ARMAND
    [Produit] => Array
        (
            [id] => 17
            [name] => MUKEKE
            [PV] => 12000
            [type] => non_stockable
            [actif] => oui
        )

)

2013-10-31 00:15:13 Produit: Array
(
    [Action] => MODIFICATION BY ARMAND
    [Produit] => Array
        (
            [id] => 16
            [name] => SANGALA
            [PV] => 10000
            [type] => non_stockable
            [actif] => oui
        )

)

2013-10-31 00:15:13 Produit: Array
(
    [Action] => MODIFICATION BY ARMAND
    [Produit] => Array
        (
            [id] => 22
            [name] => SANGALA MEUNIERE
            [PV] => 15000
            [type] => non_stockable
            [actif] => oui
        )

)

2013-10-31 00:15:52 Produit: Array
(
    [Action] => MODIFICATION BY ARMAND
    [Produit] => Array
        (
            [id] => 15
            [name] => CAPPUCINO
            [PV] => 3500
            [type] => non_stockable
            [actif] => oui
        )

)

2013-10-31 00:15:53 Produit: Array
(
    [Action] => MODIFICATION BY ARMAND
    [Produit] => Array
        (
            [id] => 14
            [name] => AFRICAN COFEE
            [PV] => 2500
            [type] => non_stockable
            [actif] => oui
        )

)

2013-10-31 00:16:08 Produit: Array
(
    [Action] => MODIFICATION BY ARMAND
    [Produit] => Array
        (
            [id] => 6
            [name] => KINJU
            [PV] => 700
            [type] => stockable
            [actif] => oui
        )

)

2013-10-31 00:16:08 Produit: Array
(
    [Action] => MODIFICATION BY ARMAND
    [Produit] => Array
        (
            [id] => 7
            [name] => RAMBA
            [PV] => 700
            [type] => stockable
            [actif] => oui
        )

)

2013-10-31 00:41:35 Produit: Array
(
    [Action] => MODIFICATION BY ARMAND
    [Produit] => Array
        (
            [id] => 28
            [name] => FRITES
            [PV] => 2000
            [type] => non_stockable
            [actif] => oui
        )

)

2013-10-31 00:41:35 Produit: Array
(
    [Action] => MODIFICATION BY ARMAND
    [Produit] => Array
        (
            [id] => 29
            [name] => RIZ
            [PV] => 2000
            [type] => stockable
            [actif] => oui
        )

)

2013-10-31 00:42:02 Produit: Array
(
    [Action] => MODIFICATION BY ARMAND
    [Produit] => Array
        (
            [id] => 24
            [name] => J&B
            [PV] => 5000
            [type] => stockable
            [actif] => oui
        )

)

2013-10-31 00:42:02 Produit: Array
(
    [Action] => MODIFICATION BY ARMAND
    [Produit] => Array
        (
            [id] => 23
            [name] => UU
            [PV] => 1
            [type] => stockable
            [actif] => oui
        )

)

2014-05-06 23:22:54 Produit: Array
(
    [Action] => MODIFICATION BY ARMAND
    [Produit] => Array
        (
            [id] => 12
            [name] => MUKEKE
            [PV] => 10000
            [type] => non_stockable
            [actif] => oui
        )

)

2014-05-06 23:22:54 Produit: Array
(
    [Action] => MODIFICATION BY ARMAND
    [Produit] => Array
        (
            [id] => 11
            [name] => 1/2 POULET
            [PV] => 1000
            [type] => non_stockable
            [actif] => oui
        )

)

2014-05-06 23:22:54 Produit: Array
(
    [Action] => MODIFICATION BY ARMAND
    [Produit] => Array
        (
            [id] => 10
            [name] => POMMES NATURE
            [PV] => 1000
            [type] => stockable
            [actif] => oui
        )

)

2014-05-06 23:22:54 Produit: Array
(
    [Action] => MODIFICATION BY ARMAND
    [Produit] => Array
        (
            [id] => 9
            [name] => RIZ
            [PV] => 1000
            [type] => stockable
            [actif] => oui
        )

)

2014-05-06 23:22:54 Produit: Array
(
    [Action] => MODIFICATION BY ARMAND
    [Produit] => Array
        (
            [id] => 8
            [name] => IMIZUZU
            [PV] => 1000
            [type] => stockable
            [actif] => oui
        )

)

2014-05-06 23:22:54 Produit: Array
(
    [Action] => MODIFICATION BY ARMAND
    [Produit] => Array
        (
            [id] => 7
            [name] => BURGER
            [PV] => 0
            [type] => stockable
            [actif] => oui
        )

)

2014-05-06 23:22:54 Produit: Array
(
    [Action] => MODIFICATION BY ARMAND
    [Produit] => Array
        (
            [id] => 6
            [name] => JAMBON
            [PV] => 0
            [type] => stockable
            [actif] => oui
        )

)

2014-05-06 23:22:54 Produit: Array
(
    [Action] => MODIFICATION BY ARMAND
    [Produit] => Array
        (
            [id] => 5
            [name] => FROMAGE
            [PV] => 0
            [type] => stockable
            [actif] => oui
        )

)

2014-05-06 23:22:54 Produit: Array
(
    [Action] => MODIFICATION BY ARMAND
    [Produit] => Array
        (
            [id] => 4
            [name] => POIVRE
            [PV] => 0
            [type] => stockable
            [actif] => oui
        )

)

2014-05-06 23:22:54 Produit: Array
(
    [Action] => MODIFICATION BY ARMAND
    [Produit] => Array
        (
            [id] => 3
            [name] => PIMENT
            [PV] => 0
            [type] => stockable
            [actif] => oui
        )

)

2014-05-06 23:22:54 Produit: Array
(
    [Action] => MODIFICATION BY ARMAND
    [Produit] => Array
        (
            [id] => 2
            [name] => PIZZA MAFIOZO
            [PV] => 10000
            [type] => stockable
            [actif] => oui
        )

)

2014-08-13 12:49:11 Produit: Array
(
    [Action] => MODIFICATION BY ARMAND
    [Produit] => Array
        (
            [id] => 17
            [name] => S2
            [PV] => 250000
            [type] => stockable
            [actif] => oui
        )

)

2014-08-13 12:49:11 Produit: Array
(
    [Action] => MODIFICATION BY ARMAND
    [Produit] => Array
        (
            [id] => 16
            [name] => S1
            [PV] => 200000
            [type] => stockable
            [actif] => oui
        )

)

2015-01-16 18:08:30 Produit: Array
(
    [Action] => MODIFICATION BY ARMAND
    [Produit] => Array
        (
            [id] => 23
            [name] => FANTA COCA
            [PV] => 1000
            [type] => stockable
            [actif] => oui
        )

)

2015-01-16 18:08:30 Produit: Array
(
    [Action] => MODIFICATION BY ARMAND
    [Produit] => Array
        (
            [id] => 30
            [name] => EARTH
            [PV] => 100
            [type] => non_stockable
            [actif] => oui
        )

)

2015-01-16 18:08:30 Produit: Array
(
    [Action] => MODIFICATION BY ARMAND
    [Produit] => Array
        (
            [id] => 27
            [name] => POMMES DE TERRE
            [PV] => 0
            [type] => stockable
            [actif] => oui
        )

)

2015-01-16 18:08:30 Produit: Array
(
    [Action] => MODIFICATION BY ARMAND
    [Produit] => Array
        (
            [id] => 26
            [name] => TOMATES
            [PV] => 0
            [type] => stockable
            [actif] => oui
        )

)

2015-01-16 18:08:30 Produit: Array
(
    [Action] => MODIFICATION BY ARMAND
    [Produit] => Array
        (
            [id] => 25
            [name] => OIGNONS
            [PV] => 0
            [type] => stockable
            [actif] => oui
        )

)

2015-01-16 18:08:30 Produit: Array
(
    [Action] => MODIFICATION BY ARMAND
    [Produit] => Array
        (
            [id] => 24
            [name] => HAMBURGER
            [PV] => 10000
            [type] => non_stockable
            [actif] => oui
        )

)

2015-01-16 18:08:30 Produit: Array
(
    [Action] => MODIFICATION BY ARMAND
    [Produit] => Array
        (
            [id] => 16
            [name] => POULET ROTI 1/4
            [PV] => 10000
            [type] => stockable
            [actif] => oui
        )

)

2015-01-16 18:08:30 Produit: Array
(
    [Action] => MODIFICATION BY ARMAND
    [Produit] => Array
        (
            [id] => 17
            [name] => EMINCE DE POULET
            [PV] => 12000
            [type] => stockable
            [actif] => oui
        )

)

2015-01-16 18:08:30 Produit: Array
(
    [Action] => MODIFICATION BY ARMAND
    [Produit] => Array
        (
            [id] => 18
            [name] => SANGALA MEUNIERE
            [PV] => 12000
            [type] => stockable
            [actif] => oui
        )

)

2015-01-16 18:08:30 Produit: Array
(
    [Action] => MODIFICATION BY ARMAND
    [Produit] => Array
        (
            [id] => 20
            [name] => PRIMUS
            [PV] => 2000
            [type] => stockable
            [actif] => oui
        )

)

2015-01-16 18:08:30 Produit: Array
(
    [Action] => MODIFICATION BY ARMAND
    [Produit] => Array
        (
            [id] => 22
            [name] => FANTA CITRON
            [PV] => 1000
            [type] => stockable
            [actif] => oui
        )

)

2015-01-16 18:08:30 Produit: Array
(
    [Action] => MODIFICATION BY ARMAND
    [Produit] => Array
        (
            [id] => 28
            [name] => ARACHIDES
            [PV] => 100
            [type] => stockable
            [actif] => oui
        )

)

2015-01-20 12:30:35 Produit: Array
(
    [Action] => MODIFICATION BY ARMAND
    [Produit] => Array
        (
            [id] => 18
            [name] => SANGALA MEUNIERE
            [PV] => 12000
            [type] => stockable
            [actif] => oui
        )

)

2015-01-20 12:30:35 Produit: Array
(
    [Action] => MODIFICATION BY ARMAND
    [Produit] => Array
        (
            [id] => 17
            [name] => EMINCE DE POULET
            [PV] => 12000
            [type] => stockable
            [actif] => oui
        )

)

2015-01-20 12:30:35 Produit: Array
(
    [Action] => MODIFICATION BY ARMAND
    [Produit] => Array
        (
            [id] => 16
            [name] => POULET ROTI 1/4
            [PV] => 10000
            [type] => stockable
            [actif] => oui
        )

)

2015-03-04 07:14:20 Produit: Array
(
    [Action] => MODIFICATION BY ARMAND
    [Produit] => 
)

2015-03-04 07:14:20 Produit: Array
(
    [Action] => MODIFICATION BY ARMAND
    [Produit] => 
)

2015-03-04 07:15:29 Produit: Array
(
    [Action] => MODIFICATION BY ARMAND
    [Produit] => 
)

2015-03-04 07:15:29 Produit: Array
(
    [Action] => MODIFICATION BY ARMAND
    [Produit] => 
)

2016-07-29 22:53:04 Produit: Array
(
    [Action] => MODIFICATION BY ARMAND
    [Produit] => Array
        (
            [id] => 1
            [name] => AADA
            [PV] => 10
            [type] => not_storable
            [actif] => yes
        )

)

2016-07-29 22:53:04 Produit: Array
(
    [Action] => MODIFICATION BY ARMAND
    [Produit] => Array
        (
            [id] => 4
            [name] => ACCESS POINT D LINK DAP-1360
            [PV] => 100000
            [type] => not_storable
            [actif] => yes
        )

)

